#2026 06 25 05:08:44.543#Z#DEBUG#d13b5946-7053-11f1-b94b-eeee0a95ec30.day14_epm_assignment#flowable-async-job-executor-thread-10695#
[PollStartAppStatusExecution] c06de5f0-2912-46b3-be3c-05a3c5ff67e9 [2026-06-25T04:19:55.302752] Updated app with guid c06de5f0-2912-46b3-be3c-05a3c5ff67e9 ({"lifecycle"=>{"data"=>{"buildpacks"=>[]}, "type"=>"buildpack"}}) (STDOUT, API)#
#2026 06 25 05:08:44.543#Z#DEBUG#d13b5946-7053-11f1-b94b-eeee0a95ec30.day14_epm_assignment#flowable-async-job-executor-thread-10695#
[PollStartAppStatusExecution] c06de5f0-2912-46b3-be3c-05a3c5ff67e9 [2026-06-25T04:19:55.408321] Updating process: "web" (STDOUT, API)#
#2026 06 25 05:08:44.543#Z#DEBUG#d13b5946-7053-11f1-b94b-eeee0a95ec30.day14_epm_assignment#flowable-async-job-executor-thread-10695#
[PollStartAppStatusExecution] c06de5f0-2912-46b3-be3c-05a3c5ff67e9 [2026-06-25T04:20:14.018447] Starting app with guid c06de5f0-2912-46b3-be3c-05a3c5ff67e9 (STDOUT, API)#
#2026 06 25 05:08:44.543#Z#DEBUG#d13b5946-7053-11f1-b94b-eeee0a95ec30.day14_epm_assignment#flowable-async-job-executor-thread-10695#
[PollStartAppStatusExecution] c06de5f0-2912-46b3-be3c-05a3c5ff67e9 [2026-06-25T04:20:14.225695] Cell 3697da87-6170-41a4-acb7-9186f1527dfa creating container for instance fe976fe1-0a2f-4601-51e0-332b (STDOUT, CELL)#
#2026 06 25 05:08:44.543#Z#DEBUG#d13b5946-7053-11f1-b94b-eeee0a95ec30.day14_epm_assignment#flowable-async-job-executor-thread-10695#
[PollStartAppStatusExecution] c06de5f0-2912-46b3-be3c-05a3c5ff67e9 [2026-06-25T04:20:15.070846] Security group rules were updated (STDOUT, CELL)#
#2026 06 25 05:08:44.543#Z#DEBUG#d13b5946-7053-11f1-b94b-eeee0a95ec30.day14_epm_assignment#flowable-async-job-executor-thread-10695#
[PollStartAppStatusExecution] c06de5f0-2912-46b3-be3c-05a3c5ff67e9 [2026-06-25T04:20:15.194856] Cell 3697da87-6170-41a4-acb7-9186f1527dfa successfully created container for instance fe976fe1-0a2f-4601-51e0-332b (STDOUT, CELL)#
#2026 06 25 05:08:44.543#Z#DEBUG#d13b5946-7053-11f1-b94b-eeee0a95ec30.day14_epm_assignment#flowable-async-job-executor-thread-10695#
[PollStartAppStatusExecution] c06de5f0-2912-46b3-be3c-05a3c5ff67e9 [2026-06-25T04:20:15.987040] Downloading droplet... (STDOUT, CELL)#
#2026 06 25 05:08:44.543#Z#DEBUG#d13b5946-7053-11f1-b94b-eeee0a95ec30.day14_epm_assignment#flowable-async-job-executor-thread-10695#
[PollStartAppStatusExecution] c06de5f0-2912-46b3-be3c-05a3c5ff67e9 [2026-06-25T04:20:21.187815] Downloaded droplet (62.2M) (STDOUT, CELL)#
#2026 06 25 05:08:44.543#Z#DEBUG#d13b5946-7053-11f1-b94b-eeee0a95ec30.day14_epm_assignment#flowable-async-job-executor-thread-10695#
[PollStartAppStatusExecution] c06de5f0-2912-46b3-be3c-05a3c5ff67e9 [2026-06-25T04:20:21.188055] Starting health monitoring of container (STDOUT, CELL)#
#2026 06 25 05:08:44.543#Z#DEBUG#d13b5946-7053-11f1-b94b-eeee0a95ec30.day14_epm_assignment#flowable-async-job-executor-thread-10695#
[PollStartAppStatusExecution] c06de5f0-2912-46b3-be3c-05a3c5ff67e9 [2026-06-25T04:20:21.306860] Invoking pre-start scripts. (STDOUT, APP/PROC/WEB)#
#2026 06 25 05:08:44.543#Z#DEBUG#d13b5946-7053-11f1-b94b-eeee0a95ec30.day14_epm_assignment#flowable-async-job-executor-thread-10695#
[PollStartAppStatusExecution] c06de5f0-2912-46b3-be3c-05a3c5ff67e9 [2026-06-25T04:20:21.541205] Invoking start command. (STDOUT, APP/PROC/WEB)#
#2026 06 25 05:08:44.543#Z#DEBUG#d13b5946-7053-11f1-b94b-eeee0a95ec30.day14_epm_assignment#flowable-async-job-executor-thread-10695#
[PollStartAppStatusExecution] c06de5f0-2912-46b3-be3c-05a3c5ff67e9 [2026-06-25T04:20:21.971989] > start (STDOUT, APP/PROC/WEB)#
#2026 06 25 05:08:44.543#Z#DEBUG#d13b5946-7053-11f1-b94b-eeee0a95ec30.day14_epm_assignment#flowable-async-job-executor-thread-10695#
[PollStartAppStatusExecution] c06de5f0-2912-46b3-be3c-05a3c5ff67e9 [2026-06-25T04:20:21.972006] > node node_modules/@sap/approuter/approuter.js (STDOUT, APP/PROC/WEB)#
#2026 06 25 05:08:44.543#Z#DEBUG#d13b5946-7053-11f1-b94b-eeee0a95ec30.day14_epm_assignment#flowable-async-job-executor-thread-10695#
[PollStartAppStatusExecution] c06de5f0-2912-46b3-be3c-05a3c5ff67e9 [2026-06-25T04:20:22.169801] {"written_at":"2026-06-25T04:20:22.167Z","written_ts":1782361222167000000,"csn_component":"-","correlation_id":"-","type":"log","logger":"nodejs-logger","layer":"/LoggingLibrary","level":"warning","container_id":"10.32.2.7","component_type":"application","component_id":"c06de5f0-2912-46b3-be3c-05a3c5ff67e9","component_name":"day14_epm_assignment","component_instance":-1,"source_instance":-1,"organization_id":"0d0973ef-c78b-4c50-83e0-fbcc69afcce8","organization_name":"796953b2trial","space_id":"e895d6b5-3f9e-41ef-a874-5a584fa002c4","space_name":"dev","context_id":"","msg":"Dynamic log level switching not available"} (STDOUT, APP/PROC/WEB)#
#2026 06 25 05:08:44.543#Z#DEBUG#d13b5946-7053-11f1-b94b-eeee0a95ec30.day14_epm_assignment#flowable-async-job-executor-thread-10695#
[PollStartAppStatusExecution] c06de5f0-2912-46b3-be3c-05a3c5ff67e9 [2026-06-25T04:20:22.785786] {"written_at":"2026-06-25T04:20:22.785Z","written_ts":1782361222785000000,"csn_component":"-","correlation_id":"mqszupa9","type":"log","logger":"nodejs-logger","layer":"/approuter","level":"info","container_id":"10.32.2.7","component_type":"application","component_id":"c06de5f0-2912-46b3-be3c-05a3c5ff67e9","component_name":"day14_epm_assignment","component_instance":-1,"source_instance":-1,"organization_id":"0d0973ef-c78b-4c50-83e0-fbcc69afcce8","organization_name":"796953b2trial","space_id":"e895d6b5-3f9e-41ef-a874-5a584fa002c4","space_name":"dev","context_id":"mqszupa9","msg":"Application router version 21.5.0"} (STDOUT, APP/PROC/WEB)#
#2026 06 25 05:08:44.543#Z#DEBUG#d13b5946-7053-11f1-b94b-eeee0a95ec30.day14_epm_assignment#flowable-async-job-executor-thread-10695#
[PollStartAppStatusExecution] c06de5f0-2912-46b3-be3c-05a3c5ff67e9 [2026-06-25T04:20:22.791796] {"written_at":"2026-06-25T04:20:22.791Z","written_ts":1782361222791000000,"csn_component":"-","correlation_id":"mqszupaf","type":"log","logger":"nodejs-logger","layer":"/Configuration","level":"info","container_id":"10.32.2.7","component_type":"application","component_id":"c06de5f0-2912-46b3-be3c-05a3c5ff67e9","component_name":"day14_epm_assignment","component_instance":-1,"source_instance":-1,"organization_id":"0d0973ef-c78b-4c50-83e0-fbcc69afcce8","organization_name":"796953b2trial","space_id":"e895d6b5-3f9e-41ef-a874-5a584fa002c4","space_name":"dev","context_id":"mqszupaf","msg":"No COOKIES environment variable"} (STDOUT, APP/PROC/WEB)#
#2026 06 25 05:08:44.543#Z#DEBUG#d13b5946-7053-11f1-b94b-eeee0a95ec30.day14_epm_assignment#flowable-async-job-executor-thread-10695#
[PollStartAppStatusExecution] c06de5f0-2912-46b3-be3c-05a3c5ff67e9 [2026-06-25T04:20:22.831305] {"written_at":"2026-06-25T04:20:22.831Z","written_ts":1782361222831000000,"csn_component":"-","correlation_id":"mqszupa9","type":"log","logger":"nodejs-logger","layer":"/approuter","level":"info","container_id":"10.32.2.7","component_type":"application","component_id":"c06de5f0-2912-46b3-be3c-05a3c5ff67e9","component_name":"day14_epm_assignment","component_instance":-1,"source_instance":-1,"organization_id":"0d0973ef-c78b-4c50-83e0-fbcc69afcce8","organization_name":"796953b2trial","space_id":"e895d6b5-3f9e-41ef-a874-5a584fa002c4","space_name":"dev","context_id":"mqszupa9","msg":"Application router is listening on port: 8080"} (STDOUT, APP/PROC/WEB)#
#2026 06 25 05:08:44.543#Z#DEBUG#d13b5946-7053-11f1-b94b-eeee0a95ec30.day14_epm_assignment#flowable-async-job-executor-thread-10695#
[PollStartAppStatusExecution] c06de5f0-2912-46b3-be3c-05a3c5ff67e9 [2026-06-25T04:20:24.306567] Container became healthy (STDOUT, CELL)#
#2026 06 25 05:08:44.543#Z#DEBUG#d13b5946-7053-11f1-b94b-eeee0a95ec30.day14_epm_assignment#flowable-async-job-executor-thread-10695#
[PollStartAppStatusExecution] c06de5f0-2912-46b3-be3c-05a3c5ff67e9 [2026-06-25T04:20:24.342071] Process became ready with guid c06de5f0-2912-46b3-be3c-05a3c5ff67e9 payload: {"instance"=>"fe976fe1-0a2f-4601-51e0-332b", "index"=>0, "cell_id"=>"3697da87-6170-41a4-acb7-9186f1527dfa", "ready"=>true, "version"=>"0befdf9e-a6e4-467a-a60f-b329a5b3e839"} (STDOUT, API)#
#2026 06 25 05:08:44.543#Z#DEBUG#d13b5946-7053-11f1-b94b-eeee0a95ec30.day14_epm_assignment#flowable-async-job-executor-thread-10695#
[PollStartAppStatusExecution] c06de5f0-2912-46b3-be3c-05a3c5ff67e9 [2026-06-25T04:26:35.256272] Updated app with guid c06de5f0-2912-46b3-be3c-05a3c5ff67e9 ({"lifecycle"=>{"data"=>{"buildpacks"=>[]}, "type"=>"buildpack"}}) (STDOUT, API)#
#2026 06 25 05:08:44.543#Z#DEBUG#d13b5946-7053-11f1-b94b-eeee0a95ec30.day14_epm_assignment#flowable-async-job-executor-thread-10695#
[PollStartAppStatusExecution] c06de5f0-2912-46b3-be3c-05a3c5ff67e9 [2026-06-25T04:26:35.416275] Updating process: "web" (STDOUT, API)#
#2026 06 25 05:08:44.543#Z#DEBUG#d13b5946-7053-11f1-b94b-eeee0a95ec30.day14_epm_assignment#flowable-async-job-executor-thread-10695#
[PollStartAppStatusExecution] c06de5f0-2912-46b3-be3c-05a3c5ff67e9 [2026-06-25T04:26:55.582239] Stopping app with guid c06de5f0-2912-46b3-be3c-05a3c5ff67e9 (STDOUT, API)#
#2026 06 25 05:08:44.543#Z#DEBUG#d13b5946-7053-11f1-b94b-eeee0a95ec30.day14_epm_assignment#flowable-async-job-executor-thread-10695#
[PollStartAppStatusExecution] c06de5f0-2912-46b3-be3c-05a3c5ff67e9 [2026-06-25T04:26:55.649986] Cell 3697da87-6170-41a4-acb7-9186f1527dfa stopping instance fe976fe1-0a2f-4601-51e0-332b (STDOUT, CELL)#
#2026 06 25 05:08:44.543#Z#DEBUG#d13b5946-7053-11f1-b94b-eeee0a95ec30.day14_epm_assignment#flowable-async-job-executor-thread-10695#
[PollStartAppStatusExecution] c06de5f0-2912-46b3-be3c-05a3c5ff67e9 [2026-06-25T04:26:55.993660] Starting app with guid c06de5f0-2912-46b3-be3c-05a3c5ff67e9 (STDOUT, API)#
#2026 06 25 05:08:44.543#Z#DEBUG#d13b5946-7053-11f1-b94b-eeee0a95ec30.day14_epm_assignment#flowable-async-job-executor-thread-10695#
[PollStartAppStatusExecution] c06de5f0-2912-46b3-be3c-05a3c5ff67e9 [2026-06-25T04:26:56.230160] Cell 54b50d35-322b-4617-baa3-c13476b47cb5 creating container for instance 68e824d6-6132-4dcb-6e00-1bea (STDOUT, CELL)#
#2026 06 25 05:08:44.543#Z#DEBUG#d13b5946-7053-11f1-b94b-eeee0a95ec30.day14_epm_assignment#flowable-async-job-executor-thread-10695#
[PollStartAppStatusExecution] c06de5f0-2912-46b3-be3c-05a3c5ff67e9 [2026-06-25T04:26:57.130482] Security group rules were updated (STDOUT, CELL)#
#2026 06 25 05:08:44.543#Z#DEBUG#d13b5946-7053-11f1-b94b-eeee0a95ec30.day14_epm_assignment#flowable-async-job-executor-thread-10695#
[PollStartAppStatusExecution] c06de5f0-2912-46b3-be3c-05a3c5ff67e9 [2026-06-25T04:26:57.259078] Cell 54b50d35-322b-4617-baa3-c13476b47cb5 successfully created container for instance 68e824d6-6132-4dcb-6e00-1bea (STDOUT, CELL)#
#2026 06 25 05:08:44.543#Z#DEBUG#d13b5946-7053-11f1-b94b-eeee0a95ec30.day14_epm_assignment#flowable-async-job-executor-thread-10695#
[PollStartAppStatusExecution] c06de5f0-2912-46b3-be3c-05a3c5ff67e9 [2026-06-25T04:26:57.731933] Downloading droplet... (STDOUT, CELL)#
#2026 06 25 05:08:44.543#Z#DEBUG#d13b5946-7053-11f1-b94b-eeee0a95ec30.day14_epm_assignment#flowable-async-job-executor-thread-10695#
[PollStartAppStatusExecution] c06de5f0-2912-46b3-be3c-05a3c5ff67e9 [2026-06-25T04:27:03.837271] Downloaded droplet (62.2M) (STDOUT, CELL)#
#2026 06 25 05:08:44.543#Z#DEBUG#d13b5946-7053-11f1-b94b-eeee0a95ec30.day14_epm_assignment#flowable-async-job-executor-thread-10695#
[PollStartAppStatusExecution] c06de5f0-2912-46b3-be3c-05a3c5ff67e9 [2026-06-25T04:27:03.837439] Starting health monitoring of container (STDOUT, CELL)#
#2026 06 25 05:08:44.543#Z#DEBUG#d13b5946-7053-11f1-b94b-eeee0a95ec30.day14_epm_assignment#flowable-async-job-executor-thread-10695#
[PollStartAppStatusExecution] c06de5f0-2912-46b3-be3c-05a3c5ff67e9 [2026-06-25T04:27:03.997442] Invoking pre-start scripts. (STDOUT, APP/PROC/WEB)#
#2026 06 25 05:08:44.543#Z#DEBUG#d13b5946-7053-11f1-b94b-eeee0a95ec30.day14_epm_assignment#flowable-async-job-executor-thread-10695#
[PollStartAppStatusExecution] c06de5f0-2912-46b3-be3c-05a3c5ff67e9 [2026-06-25T04:27:04.284126] Invoking start command. (STDOUT, APP/PROC/WEB)#
#2026 06 25 05:08:44.543#Z#DEBUG#d13b5946-7053-11f1-b94b-eeee0a95ec30.day14_epm_assignment#flowable-async-job-executor-thread-10695#
[PollStartAppStatusExecution] c06de5f0-2912-46b3-be3c-05a3c5ff67e9 [2026-06-25T04:27:04.825359] > start (STDOUT, APP/PROC/WEB)#
#2026 06 25 05:08:44.543#Z#DEBUG#d13b5946-7053-11f1-b94b-eeee0a95ec30.day14_epm_assignment#flowable-async-job-executor-thread-10695#
[PollStartAppStatusExecution] c06de5f0-2912-46b3-be3c-05a3c5ff67e9 [2026-06-25T04:27:04.825375] > node node_modules/@sap/approuter/approuter.js (STDOUT, APP/PROC/WEB)#
#2026 06 25 05:08:44.543#Z#DEBUG#d13b5946-7053-11f1-b94b-eeee0a95ec30.day14_epm_assignment#flowable-async-job-executor-thread-10695#
[PollStartAppStatusExecution] c06de5f0-2912-46b3-be3c-05a3c5ff67e9 [2026-06-25T04:27:05.050212] {"written_at":"2026-06-25T04:27:05.048Z","written_ts":1782361625048000000,"csn_component":"-","correlation_id":"-","type":"log","logger":"nodejs-logger","layer":"/LoggingLibrary","level":"warning","container_id":"10.32.1.6","component_type":"application","component_id":"c06de5f0-2912-46b3-be3c-05a3c5ff67e9","component_name":"day14_epm_assignment","component_instance":-1,"source_instance":-1,"organization_id":"0d0973ef-c78b-4c50-83e0-fbcc69afcce8","organization_name":"796953b2trial","space_id":"e895d6b5-3f9e-41ef-a874-5a584fa002c4","space_name":"dev","context_id":"","msg":"Dynamic log level switching not available"} (STDOUT, APP/PROC/WEB)#
#2026 06 25 05:08:44.543#Z#DEBUG#d13b5946-7053-11f1-b94b-eeee0a95ec30.day14_epm_assignment#flowable-async-job-executor-thread-10695#
[PollStartAppStatusExecution] c06de5f0-2912-46b3-be3c-05a3c5ff67e9 [2026-06-25T04:27:05.688464] {"written_at":"2026-06-25T04:27:05.687Z","written_ts":1782361625687000000,"csn_component":"-","correlation_id":"mqt03c60","type":"log","logger":"nodejs-logger","layer":"/approuter","level":"info","container_id":"10.32.1.6","component_type":"application","component_id":"c06de5f0-2912-46b3-be3c-05a3c5ff67e9","component_name":"day14_epm_assignment","component_instance":-1,"source_instance":-1,"organization_id":"0d0973ef-c78b-4c50-83e0-fbcc69afcce8","organization_name":"796953b2trial","space_id":"e895d6b5-3f9e-41ef-a874-5a584fa002c4","space_name":"dev","context_id":"mqt03c60","msg":"Application router version 21.5.0"} (STDOUT, APP/PROC/WEB)#
#2026 06 25 05:08:44.543#Z#DEBUG#d13b5946-7053-11f1-b94b-eeee0a95ec30.day14_epm_assignment#flowable-async-job-executor-thread-10695#
[PollStartAppStatusExecution] c06de5f0-2912-46b3-be3c-05a3c5ff67e9 [2026-06-25T04:27:05.694802] {"written_at":"2026-06-25T04:27:05.694Z","written_ts":1782361625694000000,"csn_component":"-","correlation_id":"mqt03c66","type":"log","logger":"nodejs-logger","layer":"/Configuration","level":"info","container_id":"10.32.1.6","component_type":"application","component_id":"c06de5f0-2912-46b3-be3c-05a3c5ff67e9","component_name":"day14_epm_assignment","component_instance":-1,"source_instance":-1,"organization_id":"0d0973ef-c78b-4c50-83e0-fbcc69afcce8","organization_name":"796953b2trial","space_id":"e895d6b5-3f9e-41ef-a874-5a584fa002c4","space_name":"dev","context_id":"mqt03c66","msg":"No COOKIES environment variable"} (STDOUT, APP/PROC/WEB)#
#2026 06 25 05:08:44.543#Z#DEBUG#d13b5946-7053-11f1-b94b-eeee0a95ec30.day14_epm_assignment#flowable-async-job-executor-thread-10695#
[PollStartAppStatusExecution] c06de5f0-2912-46b3-be3c-05a3c5ff67e9 [2026-06-25T04:27:05.735092] {"written_at":"2026-06-25T04:27:05.734Z","written_ts":1782361625734000000,"csn_component":"-","correlation_id":"mqt03c60","type":"log","logger":"nodejs-logger","layer":"/approuter","level":"info","container_id":"10.32.1.6","component_type":"application","component_id":"c06de5f0-2912-46b3-be3c-05a3c5ff67e9","component_name":"day14_epm_assignment","component_instance":-1,"source_instance":-1,"organization_id":"0d0973ef-c78b-4c50-83e0-fbcc69afcce8","organization_name":"796953b2trial","space_id":"e895d6b5-3f9e-41ef-a874-5a584fa002c4","space_name":"dev","context_id":"mqt03c60","msg":"Application router is listening on port: 8080"} (STDOUT, APP/PROC/WEB)#
#2026 06 25 05:08:44.543#Z#DEBUG#d13b5946-7053-11f1-b94b-eeee0a95ec30.day14_epm_assignment#flowable-async-job-executor-thread-10695#
[PollStartAppStatusExecution] c06de5f0-2912-46b3-be3c-05a3c5ff67e9 [2026-06-25T04:27:06.998788] Container became healthy (STDOUT, CELL)#
#2026 06 25 05:08:44.543#Z#DEBUG#d13b5946-7053-11f1-b94b-eeee0a95ec30.day14_epm_assignment#flowable-async-job-executor-thread-10695#
[PollStartAppStatusExecution] c06de5f0-2912-46b3-be3c-05a3c5ff67e9 [2026-06-25T04:27:07.035857] Process became ready with guid c06de5f0-2912-46b3-be3c-05a3c5ff67e9 payload: {"instance"=>"68e824d6-6132-4dcb-6e00-1bea", "index"=>0, "cell_id"=>"54b50d35-322b-4617-baa3-c13476b47cb5", "ready"=>true, "version"=>"c9064126-988c-4e50-832f-8a7961d53b20"} (STDOUT, API)#
#2026 06 25 05:08:44.543#Z#DEBUG#d13b5946-7053-11f1-b94b-eeee0a95ec30.day14_epm_assignment#flowable-async-job-executor-thread-10695#
[PollStartAppStatusExecution] c06de5f0-2912-46b3-be3c-05a3c5ff67e9 [2026-06-25T04:28:02.801428] Cell 3697da87-6170-41a4-acb7-9186f1527dfa destroying container for instance fe976fe1-0a2f-4601-51e0-332b (STDOUT, CELL)#
#2026 06 25 05:08:44.543#Z#DEBUG#d13b5946-7053-11f1-b94b-eeee0a95ec30.day14_epm_assignment#flowable-async-job-executor-thread-10695#
[PollStartAppStatusExecution] c06de5f0-2912-46b3-be3c-05a3c5ff67e9 [2026-06-25T04:28:02.942507] Exit status 137 (STDOUT, PROXY)#
#2026 06 25 05:08:44.543#Z#DEBUG#d13b5946-7053-11f1-b94b-eeee0a95ec30.day14_epm_assignment#flowable-async-job-executor-thread-10695#
[PollStartAppStatusExecution] c06de5f0-2912-46b3-be3c-05a3c5ff67e9 [2026-06-25T04:28:06.158016] Cell 3697da87-6170-41a4-acb7-9186f1527dfa successfully destroyed container for instance fe976fe1-0a2f-4601-51e0-332b (STDOUT, CELL)#
#2026 06 25 05:08:44.543#Z#DEBUG#d13b5946-7053-11f1-b94b-eeee0a95ec30.day14_epm_assignment#flowable-async-job-executor-thread-10695#
[PollStartAppStatusExecution] c06de5f0-2912-46b3-be3c-05a3c5ff67e9 [2026-06-25T04:30:36.495689] Updated app with guid c06de5f0-2912-46b3-be3c-05a3c5ff67e9 ({"lifecycle"=>{"data"=>{"buildpacks"=>[]}, "type"=>"buildpack"}}) (STDOUT, API)#
#2026 06 25 05:08:44.543#Z#DEBUG#d13b5946-7053-11f1-b94b-eeee0a95ec30.day14_epm_assignment#flowable-async-job-executor-thread-10695#
[PollStartAppStatusExecution] c06de5f0-2912-46b3-be3c-05a3c5ff67e9 [2026-06-25T04:30:36.621368] Updating process: "web" (STDOUT, API)#
#2026 06 25 05:08:44.543#Z#DEBUG#d13b5946-7053-11f1-b94b-eeee0a95ec30.day14_epm_assignment#flowable-async-job-executor-thread-10695#
[PollStartAppStatusExecution] c06de5f0-2912-46b3-be3c-05a3c5ff67e9 [2026-06-25T04:30:56.605767] Stopping app with guid c06de5f0-2912-46b3-be3c-05a3c5ff67e9 (STDOUT, API)#
#2026 06 25 05:08:44.543#Z#DEBUG#d13b5946-7053-11f1-b94b-eeee0a95ec30.day14_epm_assignment#flowable-async-job-executor-thread-10695#
[PollStartAppStatusExecution] c06de5f0-2912-46b3-be3c-05a3c5ff67e9 [2026-06-25T04:30:56.666667] Cell 54b50d35-322b-4617-baa3-c13476b47cb5 stopping instance 68e824d6-6132-4dcb-6e00-1bea (STDOUT, CELL)#
#2026 06 25 05:08:44.543#Z#DEBUG#d13b5946-7053-11f1-b94b-eeee0a95ec30.day14_epm_assignment#flowable-async-job-executor-thread-10695#
[PollStartAppStatusExecution] c06de5f0-2912-46b3-be3c-05a3c5ff67e9 [2026-06-25T04:30:56.992787] Starting app with guid c06de5f0-2912-46b3-be3c-05a3c5ff67e9 (STDOUT, API)#
#2026 06 25 05:08:44.543#Z#DEBUG#d13b5946-7053-11f1-b94b-eeee0a95ec30.day14_epm_assignment#flowable-async-job-executor-thread-10695#
[PollStartAppStatusExecution] c06de5f0-2912-46b3-be3c-05a3c5ff67e9 [2026-06-25T04:30:57.236277] Cell 4401fcd0-006d-4ceb-9b51-aa22a1b186cf creating container for instance f7ef037e-dc91-4364-7abc-d0c6 (STDOUT, CELL)#
#2026 06 25 05:08:44.543#Z#DEBUG#d13b5946-7053-11f1-b94b-eeee0a95ec30.day14_epm_assignment#flowable-async-job-executor-thread-10695#
[PollStartAppStatusExecution] c06de5f0-2912-46b3-be3c-05a3c5ff67e9 [2026-06-25T04:30:58.001787] Security group rules were updated (STDOUT, CELL)#
#2026 06 25 05:08:44.543#Z#DEBUG#d13b5946-7053-11f1-b94b-eeee0a95ec30.day14_epm_assignment#flowable-async-job-executor-thread-10695#
[PollStartAppStatusExecution] c06de5f0-2912-46b3-be3c-05a3c5ff67e9 [2026-06-25T04:30:58.108120] Cell 4401fcd0-006d-4ceb-9b51-aa22a1b186cf successfully created container for instance f7ef037e-dc91-4364-7abc-d0c6 (STDOUT, CELL)#
#2026 06 25 05:08:44.543#Z#DEBUG#d13b5946-7053-11f1-b94b-eeee0a95ec30.day14_epm_assignment#flowable-async-job-executor-thread-10695#
[PollStartAppStatusExecution] c06de5f0-2912-46b3-be3c-05a3c5ff67e9 [2026-06-25T04:30:58.795506] Downloading droplet... (STDOUT, CELL)#
#2026 06 25 05:08:44.543#Z#DEBUG#d13b5946-7053-11f1-b94b-eeee0a95ec30.day14_epm_assignment#flowable-async-job-executor-thread-10695#
[PollStartAppStatusExecution] c06de5f0-2912-46b3-be3c-05a3c5ff67e9 [2026-06-25T04:31:03.828872] Downloaded droplet (62.2M) (STDOUT, CELL)#
#2026 06 25 05:08:44.543#Z#DEBUG#d13b5946-7053-11f1-b94b-eeee0a95ec30.day14_epm_assignment#flowable-async-job-executor-thread-10695#
[PollStartAppStatusExecution] c06de5f0-2912-46b3-be3c-05a3c5ff67e9 [2026-06-25T04:31:03.829060] Starting health monitoring of container (STDOUT, CELL)#
#2026 06 25 05:08:44.544#Z#DEBUG#d13b5946-7053-11f1-b94b-eeee0a95ec30.day14_epm_assignment#flowable-async-job-executor-thread-10695#
[PollStartAppStatusExecution] c06de5f0-2912-46b3-be3c-05a3c5ff67e9 [2026-06-25T04:31:03.944596] Invoking pre-start scripts. (STDOUT, APP/PROC/WEB)#
#2026 06 25 05:08:44.544#Z#DEBUG#d13b5946-7053-11f1-b94b-eeee0a95ec30.day14_epm_assignment#flowable-async-job-executor-thread-10695#
[PollStartAppStatusExecution] c06de5f0-2912-46b3-be3c-05a3c5ff67e9 [2026-06-25T04:31:04.194722] Invoking start command. (STDOUT, APP/PROC/WEB)#
#2026 06 25 05:08:44.544#Z#DEBUG#d13b5946-7053-11f1-b94b-eeee0a95ec30.day14_epm_assignment#flowable-async-job-executor-thread-10695#
[PollStartAppStatusExecution] c06de5f0-2912-46b3-be3c-05a3c5ff67e9 [2026-06-25T04:31:04.638845] > start (STDOUT, APP/PROC/WEB)#
#2026 06 25 05:08:44.544#Z#DEBUG#d13b5946-7053-11f1-b94b-eeee0a95ec30.day14_epm_assignment#flowable-async-job-executor-thread-10695#
[PollStartAppStatusExecution] c06de5f0-2912-46b3-be3c-05a3c5ff67e9 [2026-06-25T04:31:04.638861] > node node_modules/@sap/approuter/approuter.js (STDOUT, APP/PROC/WEB)#
#2026 06 25 05:08:44.544#Z#DEBUG#d13b5946-7053-11f1-b94b-eeee0a95ec30.day14_epm_assignment#flowable-async-job-executor-thread-10695#
[PollStartAppStatusExecution] c06de5f0-2912-46b3-be3c-05a3c5ff67e9 [2026-06-25T04:31:04.830936] {"written_at":"2026-06-25T04:31:04.829Z","written_ts":1782361864829000000,"csn_component":"-","correlation_id":"-","type":"log","logger":"nodejs-logger","layer":"/LoggingLibrary","level":"warning","container_id":"10.32.3.5","component_type":"application","component_id":"c06de5f0-2912-46b3-be3c-05a3c5ff67e9","component_name":"day14_epm_assignment","component_instance":-1,"source_instance":-1,"organization_id":"0d0973ef-c78b-4c50-83e0-fbcc69afcce8","organization_name":"796953b2trial","space_id":"e895d6b5-3f9e-41ef-a874-5a584fa002c4","space_name":"dev","context_id":"","msg":"Dynamic log level switching not available"} (STDOUT, APP/PROC/WEB)#
#2026 06 25 05:08:44.544#Z#DEBUG#d13b5946-7053-11f1-b94b-eeee0a95ec30.day14_epm_assignment#flowable-async-job-executor-thread-10695#
[PollStartAppStatusExecution] c06de5f0-2912-46b3-be3c-05a3c5ff67e9 [2026-06-25T04:31:05.359482] {"written_at":"2026-06-25T04:31:05.358Z","written_ts":1782361865358000000,"csn_component":"-","correlation_id":"mqt08h3j","type":"log","logger":"nodejs-logger","layer":"/approuter","level":"info","container_id":"10.32.3.5","component_type":"application","component_id":"c06de5f0-2912-46b3-be3c-05a3c5ff67e9","component_name":"day14_epm_assignment","component_instance":-1,"source_instance":-1,"organization_id":"0d0973ef-c78b-4c50-83e0-fbcc69afcce8","organization_name":"796953b2trial","space_id":"e895d6b5-3f9e-41ef-a874-5a584fa002c4","space_name":"dev","context_id":"mqt08h3j","msg":"Application router version 21.5.0"} (STDOUT, APP/PROC/WEB)#
#2026 06 25 05:08:44.544#Z#DEBUG#d13b5946-7053-11f1-b94b-eeee0a95ec30.day14_epm_assignment#flowable-async-job-executor-thread-10695#
[PollStartAppStatusExecution] c06de5f0-2912-46b3-be3c-05a3c5ff67e9 [2026-06-25T04:31:05.365135] {"written_at":"2026-06-25T04:31:05.364Z","written_ts":1782361865364000000,"csn_component":"-","correlation_id":"mqt08h3o","type":"log","logger":"nodejs-logger","layer":"/Configuration","level":"info","container_id":"10.32.3.5","component_type":"application","component_id":"c06de5f0-2912-46b3-be3c-05a3c5ff67e9","component_name":"day14_epm_assignment","component_instance":-1,"source_instance":-1,"organization_id":"0d0973ef-c78b-4c50-83e0-fbcc69afcce8","organization_name":"796953b2trial","space_id":"e895d6b5-3f9e-41ef-a874-5a584fa002c4","space_name":"dev","context_id":"mqt08h3o","msg":"No COOKIES environment variable"} (STDOUT, APP/PROC/WEB)#
#2026 06 25 05:08:44.544#Z#DEBUG#d13b5946-7053-11f1-b94b-eeee0a95ec30.day14_epm_assignment#flowable-async-job-executor-thread-10695#
[PollStartAppStatusExecution] c06de5f0-2912-46b3-be3c-05a3c5ff67e9 [2026-06-25T04:31:05.408424] {"written_at":"2026-06-25T04:31:05.408Z","written_ts":1782361865408000000,"csn_component":"-","correlation_id":"mqt08h3j","type":"log","logger":"nodejs-logger","layer":"/approuter","level":"info","container_id":"10.32.3.5","component_type":"application","component_id":"c06de5f0-2912-46b3-be3c-05a3c5ff67e9","component_name":"day14_epm_assignment","component_instance":-1,"source_instance":-1,"organization_id":"0d0973ef-c78b-4c50-83e0-fbcc69afcce8","organization_name":"796953b2trial","space_id":"e895d6b5-3f9e-41ef-a874-5a584fa002c4","space_name":"dev","context_id":"mqt08h3j","msg":"Application router is listening on port: 8080"} (STDOUT, APP/PROC/WEB)#
#2026 06 25 05:08:44.544#Z#DEBUG#d13b5946-7053-11f1-b94b-eeee0a95ec30.day14_epm_assignment#flowable-async-job-executor-thread-10695#
[PollStartAppStatusExecution] c06de5f0-2912-46b3-be3c-05a3c5ff67e9 [2026-06-25T04:31:07.060584] Container became healthy (STDOUT, CELL)#
#2026 06 25 05:08:44.544#Z#DEBUG#d13b5946-7053-11f1-b94b-eeee0a95ec30.day14_epm_assignment#flowable-async-job-executor-thread-10695#
[PollStartAppStatusExecution] c06de5f0-2912-46b3-be3c-05a3c5ff67e9 [2026-06-25T04:31:07.097588] Process became ready with guid c06de5f0-2912-46b3-be3c-05a3c5ff67e9 payload: {"instance"=>"f7ef037e-dc91-4364-7abc-d0c6", "index"=>0, "cell_id"=>"4401fcd0-006d-4ceb-9b51-aa22a1b186cf", "ready"=>true, "version"=>"2be5bd84-ec96-454e-bf10-dc3c8ce31266"} (STDOUT, API)#
#2026 06 25 05:08:44.544#Z#DEBUG#d13b5946-7053-11f1-b94b-eeee0a95ec30.day14_epm_assignment#flowable-async-job-executor-thread-10695#
[PollStartAppStatusExecution] c06de5f0-2912-46b3-be3c-05a3c5ff67e9 [2026-06-25T04:32:03.461455] Cell 54b50d35-322b-4617-baa3-c13476b47cb5 destroying container for instance 68e824d6-6132-4dcb-6e00-1bea (STDOUT, CELL)#
#2026 06 25 05:08:44.544#Z#DEBUG#d13b5946-7053-11f1-b94b-eeee0a95ec30.day14_epm_assignment#flowable-async-job-executor-thread-10695#
[PollStartAppStatusExecution] c06de5f0-2912-46b3-be3c-05a3c5ff67e9 [2026-06-25T04:32:04.153862] Exit status 137 (STDOUT, PROXY)#
#2026 06 25 05:08:44.544#Z#DEBUG#d13b5946-7053-11f1-b94b-eeee0a95ec30.day14_epm_assignment#flowable-async-job-executor-thread-10695#
[PollStartAppStatusExecution] c06de5f0-2912-46b3-be3c-05a3c5ff67e9 [2026-06-25T04:32:07.590434] Cell 54b50d35-322b-4617-baa3-c13476b47cb5 successfully destroyed container for instance 68e824d6-6132-4dcb-6e00-1bea (STDOUT, CELL)#
#2026 06 25 05:08:44.544#Z#DEBUG#d13b5946-7053-11f1-b94b-eeee0a95ec30.day14_epm_assignment#flowable-async-job-executor-thread-10695#
[PollStartAppStatusExecution] c06de5f0-2912-46b3-be3c-05a3c5ff67e9 [2026-06-25T04:34:09.925246] Updated app with guid c06de5f0-2912-46b3-be3c-05a3c5ff67e9 ({"lifecycle"=>{"data"=>{"buildpacks"=>[]}, "type"=>"buildpack"}}) (STDOUT, API)#
#2026 06 25 05:08:44.544#Z#DEBUG#d13b5946-7053-11f1-b94b-eeee0a95ec30.day14_epm_assignment#flowable-async-job-executor-thread-10695#
[PollStartAppStatusExecution] c06de5f0-2912-46b3-be3c-05a3c5ff67e9 [2026-06-25T04:34:10.120862] Updating process: "web" (STDOUT, API)#
#2026 06 25 05:08:44.544#Z#DEBUG#d13b5946-7053-11f1-b94b-eeee0a95ec30.day14_epm_assignment#flowable-async-job-executor-thread-10695#
[PollStartAppStatusExecution] c06de5f0-2912-46b3-be3c-05a3c5ff67e9 [2026-06-25T04:34:27.901456] Stopping app with guid c06de5f0-2912-46b3-be3c-05a3c5ff67e9 (STDOUT, API)#
#2026 06 25 05:08:44.544#Z#DEBUG#d13b5946-7053-11f1-b94b-eeee0a95ec30.day14_epm_assignment#flowable-async-job-executor-thread-10695#
[PollStartAppStatusExecution] c06de5f0-2912-46b3-be3c-05a3c5ff67e9 [2026-06-25T04:34:27.984351] Cell 4401fcd0-006d-4ceb-9b51-aa22a1b186cf stopping instance f7ef037e-dc91-4364-7abc-d0c6 (STDOUT, CELL)#
#2026 06 25 05:08:44.544#Z#DEBUG#d13b5946-7053-11f1-b94b-eeee0a95ec30.day14_epm_assignment#flowable-async-job-executor-thread-10695#
[PollStartAppStatusExecution] c06de5f0-2912-46b3-be3c-05a3c5ff67e9 [2026-06-25T04:34:28.297007] Starting app with guid c06de5f0-2912-46b3-be3c-05a3c5ff67e9 (STDOUT, API)#
#2026 06 25 05:08:44.544#Z#DEBUG#d13b5946-7053-11f1-b94b-eeee0a95ec30.day14_epm_assignment#flowable-async-job-executor-thread-10695#
[PollStartAppStatusExecution] c06de5f0-2912-46b3-be3c-05a3c5ff67e9 [2026-06-25T04:34:28.547075] Cell 4401fcd0-006d-4ceb-9b51-aa22a1b186cf creating container for instance 033f1546-1dad-404a-6dde-ffcf (STDOUT, CELL)#
#2026 06 25 05:08:44.544#Z#DEBUG#d13b5946-7053-11f1-b94b-eeee0a95ec30.day14_epm_assignment#flowable-async-job-executor-thread-10695#
[PollStartAppStatusExecution] c06de5f0-2912-46b3-be3c-05a3c5ff67e9 [2026-06-25T04:34:29.882690] Security group rules were updated (STDOUT, CELL)#
#2026 06 25 05:08:44.544#Z#DEBUG#d13b5946-7053-11f1-b94b-eeee0a95ec30.day14_epm_assignment#flowable-async-job-executor-thread-10695#
[PollStartAppStatusExecution] c06de5f0-2912-46b3-be3c-05a3c5ff67e9 [2026-06-25T04:34:29.994225] Cell 4401fcd0-006d-4ceb-9b51-aa22a1b186cf successfully created container for instance 033f1546-1dad-404a-6dde-ffcf (STDOUT, CELL)#
#2026 06 25 05:08:44.544#Z#DEBUG#d13b5946-7053-11f1-b94b-eeee0a95ec30.day14_epm_assignment#flowable-async-job-executor-thread-10695#
[PollStartAppStatusExecution] c06de5f0-2912-46b3-be3c-05a3c5ff67e9 [2026-06-25T04:34:30.378130] Downloading droplet... (STDOUT, CELL)#
#2026 06 25 05:08:44.544#Z#DEBUG#d13b5946-7053-11f1-b94b-eeee0a95ec30.day14_epm_assignment#flowable-async-job-executor-thread-10695#
[PollStartAppStatusExecution] c06de5f0-2912-46b3-be3c-05a3c5ff67e9 [2026-06-25T04:34:35.195812] Downloaded droplet (62.2M) (STDOUT, CELL)#
#2026 06 25 05:08:44.544#Z#DEBUG#d13b5946-7053-11f1-b94b-eeee0a95ec30.day14_epm_assignment#flowable-async-job-executor-thread-10695#
[PollStartAppStatusExecution] c06de5f0-2912-46b3-be3c-05a3c5ff67e9 [2026-06-25T04:34:35.195957] Starting health monitoring of container (STDOUT, CELL)#
#2026 06 25 05:08:44.544#Z#DEBUG#d13b5946-7053-11f1-b94b-eeee0a95ec30.day14_epm_assignment#flowable-async-job-executor-thread-10695#
[PollStartAppStatusExecution] c06de5f0-2912-46b3-be3c-05a3c5ff67e9 [2026-06-25T04:34:35.340344] Invoking pre-start scripts. (STDOUT, APP/PROC/WEB)#
#2026 06 25 05:08:44.544#Z#DEBUG#d13b5946-7053-11f1-b94b-eeee0a95ec30.day14_epm_assignment#flowable-async-job-executor-thread-10695#
[PollStartAppStatusExecution] c06de5f0-2912-46b3-be3c-05a3c5ff67e9 [2026-06-25T04:34:35.603607] Invoking start command. (STDOUT, APP/PROC/WEB)#
#2026 06 25 05:08:44.544#Z#DEBUG#d13b5946-7053-11f1-b94b-eeee0a95ec30.day14_epm_assignment#flowable-async-job-executor-thread-10695#
[PollStartAppStatusExecution] c06de5f0-2912-46b3-be3c-05a3c5ff67e9 [2026-06-25T04:34:36.080450] > start (STDOUT, APP/PROC/WEB)#
#2026 06 25 05:08:44.544#Z#DEBUG#d13b5946-7053-11f1-b94b-eeee0a95ec30.day14_epm_assignment#flowable-async-job-executor-thread-10695#
[PollStartAppStatusExecution] c06de5f0-2912-46b3-be3c-05a3c5ff67e9 [2026-06-25T04:34:36.080467] > node node_modules/@sap/approuter/approuter.js (STDOUT, APP/PROC/WEB)#
#2026 06 25 05:08:44.544#Z#DEBUG#d13b5946-7053-11f1-b94b-eeee0a95ec30.day14_epm_assignment#flowable-async-job-executor-thread-10695#
[PollStartAppStatusExecution] c06de5f0-2912-46b3-be3c-05a3c5ff67e9 [2026-06-25T04:34:36.287635] {"written_at":"2026-06-25T04:34:36.285Z","written_ts":1782362076285000000,"csn_component":"-","correlation_id":"-","type":"log","logger":"nodejs-logger","layer":"/LoggingLibrary","level":"warning","container_id":"10.32.3.5","component_type":"application","component_id":"c06de5f0-2912-46b3-be3c-05a3c5ff67e9","component_name":"day14_epm_assignment","component_instance":-1,"source_instance":-1,"organization_id":"0d0973ef-c78b-4c50-83e0-fbcc69afcce8","organization_name":"796953b2trial","space_id":"e895d6b5-3f9e-41ef-a874-5a584fa002c4","space_name":"dev","context_id":"","msg":"Dynamic log level switching not available"} (STDOUT, APP/PROC/WEB)#
#2026 06 25 05:08:44.544#Z#DEBUG#d13b5946-7053-11f1-b94b-eeee0a95ec30.day14_epm_assignment#flowable-async-job-executor-thread-10695#
[PollStartAppStatusExecution] c06de5f0-2912-46b3-be3c-05a3c5ff67e9 [2026-06-25T04:34:36.924907] {"written_at":"2026-06-25T04:34:36.924Z","written_ts":1782362076924000000,"csn_component":"-","correlation_id":"mqt0d0cc","type":"log","logger":"nodejs-logger","layer":"/approuter","level":"info","container_id":"10.32.3.5","component_type":"application","component_id":"c06de5f0-2912-46b3-be3c-05a3c5ff67e9","component_name":"day14_epm_assignment","component_instance":-1,"source_instance":-1,"organization_id":"0d0973ef-c78b-4c50-83e0-fbcc69afcce8","organization_name":"796953b2trial","space_id":"e895d6b5-3f9e-41ef-a874-5a584fa002c4","space_name":"dev","context_id":"mqt0d0cc","msg":"Application router version 21.5.0"} (STDOUT, APP/PROC/WEB)#
#2026 06 25 05:08:44.544#Z#DEBUG#d13b5946-7053-11f1-b94b-eeee0a95ec30.day14_epm_assignment#flowable-async-job-executor-thread-10695#
[PollStartAppStatusExecution] c06de5f0-2912-46b3-be3c-05a3c5ff67e9 [2026-06-25T04:34:36.931065] {"written_at":"2026-06-25T04:34:36.930Z","written_ts":1782362076930000000,"csn_component":"-","correlation_id":"mqt0d0ci","type":"log","logger":"nodejs-logger","layer":"/Configuration","level":"info","container_id":"10.32.3.5","component_type":"application","component_id":"c06de5f0-2912-46b3-be3c-05a3c5ff67e9","component_name":"day14_epm_assignment","component_instance":-1,"source_instance":-1,"organization_id":"0d0973ef-c78b-4c50-83e0-fbcc69afcce8","organization_name":"796953b2trial","space_id":"e895d6b5-3f9e-41ef-a874-5a584fa002c4","space_name":"dev","context_id":"mqt0d0ci","msg":"No COOKIES environment variable"} (STDOUT, APP/PROC/WEB)#
#2026 06 25 05:08:44.544#Z#DEBUG#d13b5946-7053-11f1-b94b-eeee0a95ec30.day14_epm_assignment#flowable-async-job-executor-thread-10695#
[PollStartAppStatusExecution] c06de5f0-2912-46b3-be3c-05a3c5ff67e9 [2026-06-25T04:34:36.969068] {"written_at":"2026-06-25T04:34:36.968Z","written_ts":1782362076968000000,"csn_component":"-","correlation_id":"mqt0d0cc","type":"log","logger":"nodejs-logger","layer":"/approuter","level":"info","container_id":"10.32.3.5","component_type":"application","component_id":"c06de5f0-2912-46b3-be3c-05a3c5ff67e9","component_name":"day14_epm_assignment","component_instance":-1,"source_instance":-1,"organization_id":"0d0973ef-c78b-4c50-83e0-fbcc69afcce8","organization_name":"796953b2trial","space_id":"e895d6b5-3f9e-41ef-a874-5a584fa002c4","space_name":"dev","context_id":"mqt0d0cc","msg":"Application router is listening on port: 8080"} (STDOUT, APP/PROC/WEB)#
#2026 06 25 05:08:44.544#Z#DEBUG#d13b5946-7053-11f1-b94b-eeee0a95ec30.day14_epm_assignment#flowable-async-job-executor-thread-10695#
[PollStartAppStatusExecution] c06de5f0-2912-46b3-be3c-05a3c5ff67e9 [2026-06-25T04:34:37.680931] Container became healthy (STDOUT, CELL)#
#2026 06 25 05:08:44.544#Z#DEBUG#d13b5946-7053-11f1-b94b-eeee0a95ec30.day14_epm_assignment#flowable-async-job-executor-thread-10695#
[PollStartAppStatusExecution] c06de5f0-2912-46b3-be3c-05a3c5ff67e9 [2026-06-25T04:34:37.720603] Process became ready with guid c06de5f0-2912-46b3-be3c-05a3c5ff67e9 payload: {"instance"=>"033f1546-1dad-404a-6dde-ffcf", "index"=>0, "cell_id"=>"4401fcd0-006d-4ceb-9b51-aa22a1b186cf", "ready"=>true, "version"=>"7d409a88-23bf-4937-b0cb-d71a89071082"} (STDOUT, API)#
#2026 06 25 05:08:44.544#Z#DEBUG#d13b5946-7053-11f1-b94b-eeee0a95ec30.day14_epm_assignment#flowable-async-job-executor-thread-10695#
[PollStartAppStatusExecution] c06de5f0-2912-46b3-be3c-05a3c5ff67e9 [2026-06-25T04:35:35.390868] Cell 4401fcd0-006d-4ceb-9b51-aa22a1b186cf destroying container for instance f7ef037e-dc91-4364-7abc-d0c6 (STDOUT, CELL)#
#2026 06 25 05:08:44.544#Z#DEBUG#d13b5946-7053-11f1-b94b-eeee0a95ec30.day14_epm_assignment#flowable-async-job-executor-thread-10695#
[PollStartAppStatusExecution] c06de5f0-2912-46b3-be3c-05a3c5ff67e9 [2026-06-25T04:35:35.510306] Exit status 137 (STDOUT, PROXY)#
#2026 06 25 05:08:44.544#Z#DEBUG#d13b5946-7053-11f1-b94b-eeee0a95ec30.day14_epm_assignment#flowable-async-job-executor-thread-10695#
[PollStartAppStatusExecution] c06de5f0-2912-46b3-be3c-05a3c5ff67e9 [2026-06-25T04:35:38.530811] Cell 4401fcd0-006d-4ceb-9b51-aa22a1b186cf successfully destroyed container for instance f7ef037e-dc91-4364-7abc-d0c6 (STDOUT, CELL)#
#2026 06 25 05:08:44.544#Z#DEBUG#d13b5946-7053-11f1-b94b-eeee0a95ec30.day14_epm_assignment#flowable-async-job-executor-thread-10695#
[PollStartAppStatusExecution] c06de5f0-2912-46b3-be3c-05a3c5ff67e9 [2026-06-25T04:38:46.492307] Updated app with guid c06de5f0-2912-46b3-be3c-05a3c5ff67e9 ({"lifecycle"=>{"data"=>{"buildpacks"=>[]}, "type"=>"buildpack"}}) (STDOUT, API)#
#2026 06 25 05:08:44.544#Z#DEBUG#d13b5946-7053-11f1-b94b-eeee0a95ec30.day14_epm_assignment#flowable-async-job-executor-thread-10695#
[PollStartAppStatusExecution] c06de5f0-2912-46b3-be3c-05a3c5ff67e9 [2026-06-25T04:38:46.626832] Updating process: "web" (STDOUT, API)#
#2026 06 25 05:08:44.544#Z#DEBUG#d13b5946-7053-11f1-b94b-eeee0a95ec30.day14_epm_assignment#flowable-async-job-executor-thread-10695#
[PollStartAppStatusExecution] c06de5f0-2912-46b3-be3c-05a3c5ff67e9 [2026-06-25T04:39:08.729883] Stopping app with guid c06de5f0-2912-46b3-be3c-05a3c5ff67e9 (STDOUT, API)#
#2026 06 25 05:08:44.544#Z#DEBUG#d13b5946-7053-11f1-b94b-eeee0a95ec30.day14_epm_assignment#flowable-async-job-executor-thread-10695#
[PollStartAppStatusExecution] c06de5f0-2912-46b3-be3c-05a3c5ff67e9 [2026-06-25T04:39:08.787578] Cell 4401fcd0-006d-4ceb-9b51-aa22a1b186cf stopping instance 033f1546-1dad-404a-6dde-ffcf (STDOUT, CELL)#
#2026 06 25 05:08:44.544#Z#DEBUG#d13b5946-7053-11f1-b94b-eeee0a95ec30.day14_epm_assignment#flowable-async-job-executor-thread-10695#
[PollStartAppStatusExecution] c06de5f0-2912-46b3-be3c-05a3c5ff67e9 [2026-06-25T04:39:09.099990] Starting app with guid c06de5f0-2912-46b3-be3c-05a3c5ff67e9 (STDOUT, API)#
#2026 06 25 05:08:44.544#Z#DEBUG#d13b5946-7053-11f1-b94b-eeee0a95ec30.day14_epm_assignment#flowable-async-job-executor-thread-10695#
[PollStartAppStatusExecution] c06de5f0-2912-46b3-be3c-05a3c5ff67e9 [2026-06-25T04:39:09.324227] Cell 54b50d35-322b-4617-baa3-c13476b47cb5 creating container for instance 994c9b92-f6e1-4a46-493c-d408 (STDOUT, CELL)#
#2026 06 25 05:08:44.544#Z#DEBUG#d13b5946-7053-11f1-b94b-eeee0a95ec30.day14_epm_assignment#flowable-async-job-executor-thread-10695#
[PollStartAppStatusExecution] c06de5f0-2912-46b3-be3c-05a3c5ff67e9 [2026-06-25T04:39:10.129276] Security group rules were updated (STDOUT, CELL)#
#2026 06 25 05:08:44.544#Z#DEBUG#d13b5946-7053-11f1-b94b-eeee0a95ec30.day14_epm_assignment#flowable-async-job-executor-thread-10695#
[PollStartAppStatusExecution] c06de5f0-2912-46b3-be3c-05a3c5ff67e9 [2026-06-25T04:39:10.248310] Cell 54b50d35-322b-4617-baa3-c13476b47cb5 successfully created container for instance 994c9b92-f6e1-4a46-493c-d408 (STDOUT, CELL)#
#2026 06 25 05:08:44.544#Z#DEBUG#d13b5946-7053-11f1-b94b-eeee0a95ec30.day14_epm_assignment#flowable-async-job-executor-thread-10695#
[PollStartAppStatusExecution] c06de5f0-2912-46b3-be3c-05a3c5ff67e9 [2026-06-25T04:39:11.873181] Downloading droplet... (STDOUT, CELL)#
#2026 06 25 05:08:44.544#Z#DEBUG#d13b5946-7053-11f1-b94b-eeee0a95ec30.day14_epm_assignment#flowable-async-job-executor-thread-10695#
[PollStartAppStatusExecution] c06de5f0-2912-46b3-be3c-05a3c5ff67e9 [2026-06-25T04:39:18.652865] Downloaded droplet (62.2M) (STDOUT, CELL)#
#2026 06 25 05:08:44.544#Z#DEBUG#d13b5946-7053-11f1-b94b-eeee0a95ec30.day14_epm_assignment#flowable-async-job-executor-thread-10695#
[PollStartAppStatusExecution] c06de5f0-2912-46b3-be3c-05a3c5ff67e9 [2026-06-25T04:39:18.653249] Starting health monitoring of container (STDOUT, CELL)#
#2026 06 25 05:08:44.544#Z#DEBUG#d13b5946-7053-11f1-b94b-eeee0a95ec30.day14_epm_assignment#flowable-async-job-executor-thread-10695#
[PollStartAppStatusExecution] c06de5f0-2912-46b3-be3c-05a3c5ff67e9 [2026-06-25T04:39:18.831293] Invoking pre-start scripts. (STDOUT, APP/PROC/WEB)#
#2026 06 25 05:08:44.544#Z#DEBUG#d13b5946-7053-11f1-b94b-eeee0a95ec30.day14_epm_assignment#flowable-async-job-executor-thread-10695#
[PollStartAppStatusExecution] c06de5f0-2912-46b3-be3c-05a3c5ff67e9 [2026-06-25T04:39:19.127741] Invoking start command. (STDOUT, APP/PROC/WEB)#
#2026 06 25 05:08:44.544#Z#DEBUG#d13b5946-7053-11f1-b94b-eeee0a95ec30.day14_epm_assignment#flowable-async-job-executor-thread-10695#
[PollStartAppStatusExecution] c06de5f0-2912-46b3-be3c-05a3c5ff67e9 [2026-06-25T04:39:19.690287] > start (STDOUT, APP/PROC/WEB)#
#2026 06 25 05:08:44.544#Z#DEBUG#d13b5946-7053-11f1-b94b-eeee0a95ec30.day14_epm_assignment#flowable-async-job-executor-thread-10695#
[PollStartAppStatusExecution] c06de5f0-2912-46b3-be3c-05a3c5ff67e9 [2026-06-25T04:39:19.690354] > node node_modules/@sap/approuter/approuter.js (STDOUT, APP/PROC/WEB)#
#2026 06 25 05:08:44.544#Z#DEBUG#d13b5946-7053-11f1-b94b-eeee0a95ec30.day14_epm_assignment#flowable-async-job-executor-thread-10695#
[PollStartAppStatusExecution] c06de5f0-2912-46b3-be3c-05a3c5ff67e9 [2026-06-25T04:39:19.936929] {"written_at":"2026-06-25T04:39:19.934Z","written_ts":1782362359934000000,"csn_component":"-","correlation_id":"-","type":"log","logger":"nodejs-logger","layer":"/LoggingLibrary","level":"warning","container_id":"10.32.1.6","component_type":"application","component_id":"c06de5f0-2912-46b3-be3c-05a3c5ff67e9","component_name":"day14_epm_assignment","component_instance":-1,"source_instance":-1,"organization_id":"0d0973ef-c78b-4c50-83e0-fbcc69afcce8","organization_name":"796953b2trial","space_id":"e895d6b5-3f9e-41ef-a874-5a584fa002c4","space_name":"dev","context_id":"","msg":"Dynamic log level switching not available"} (STDOUT, APP/PROC/WEB)#
#2026 06 25 05:08:44.544#Z#DEBUG#d13b5946-7053-11f1-b94b-eeee0a95ec30.day14_epm_assignment#flowable-async-job-executor-thread-10695#
[PollStartAppStatusExecution] c06de5f0-2912-46b3-be3c-05a3c5ff67e9 [2026-06-25T04:39:20.631294] {"written_at":"2026-06-25T04:39:20.630Z","written_ts":1782362360630000000,"csn_component":"-","correlation_id":"mqt0j392","type":"log","logger":"nodejs-logger","layer":"/approuter","level":"info","container_id":"10.32.1.6","component_type":"application","component_id":"c06de5f0-2912-46b3-be3c-05a3c5ff67e9","component_name":"day14_epm_assignment","component_instance":-1,"source_instance":-1,"organization_id":"0d0973ef-c78b-4c50-83e0-fbcc69afcce8","organization_name":"796953b2trial","space_id":"e895d6b5-3f9e-41ef-a874-5a584fa002c4","space_name":"dev","context_id":"mqt0j392","msg":"Application router version 21.5.0"} (STDOUT, APP/PROC/WEB)#
#2026 06 25 05:08:44.544#Z#DEBUG#d13b5946-7053-11f1-b94b-eeee0a95ec30.day14_epm_assignment#flowable-async-job-executor-thread-10695#
[PollStartAppStatusExecution] c06de5f0-2912-46b3-be3c-05a3c5ff67e9 [2026-06-25T04:39:20.638780] {"written_at":"2026-06-25T04:39:20.638Z","written_ts":1782362360638000000,"csn_component":"-","correlation_id":"mqt0j39a","type":"log","logger":"nodejs-logger","layer":"/Configuration","level":"info","container_id":"10.32.1.6","component_type":"application","component_id":"c06de5f0-2912-46b3-be3c-05a3c5ff67e9","component_name":"day14_epm_assignment","component_instance":-1,"source_instance":-1,"organization_id":"0d0973ef-c78b-4c50-83e0-fbcc69afcce8","organization_name":"796953b2trial","space_id":"e895d6b5-3f9e-41ef-a874-5a584fa002c4","space_name":"dev","context_id":"mqt0j39a","msg":"No COOKIES environment variable"} (STDOUT, APP/PROC/WEB)#
#2026 06 25 05:08:44.544#Z#DEBUG#d13b5946-7053-11f1-b94b-eeee0a95ec30.day14_epm_assignment#flowable-async-job-executor-thread-10695#
[PollStartAppStatusExecution] c06de5f0-2912-46b3-be3c-05a3c5ff67e9 [2026-06-25T04:39:20.687260] {"written_at":"2026-06-25T04:39:20.686Z","written_ts":1782362360686000000,"csn_component":"-","correlation_id":"mqt0j392","type":"log","logger":"nodejs-logger","layer":"/approuter","level":"info","container_id":"10.32.1.6","component_type":"application","component_id":"c06de5f0-2912-46b3-be3c-05a3c5ff67e9","component_name":"day14_epm_assignment","component_instance":-1,"source_instance":-1,"organization_id":"0d0973ef-c78b-4c50-83e0-fbcc69afcce8","organization_name":"796953b2trial","space_id":"e895d6b5-3f9e-41ef-a874-5a584fa002c4","space_name":"dev","context_id":"mqt0j392","msg":"Application router is listening on port: 8080"} (STDOUT, APP/PROC/WEB)#
#2026 06 25 05:08:44.544#Z#DEBUG#d13b5946-7053-11f1-b94b-eeee0a95ec30.day14_epm_assignment#flowable-async-job-executor-thread-10695#
[PollStartAppStatusExecution] c06de5f0-2912-46b3-be3c-05a3c5ff67e9 [2026-06-25T04:39:21.838251] Container became healthy (STDOUT, CELL)#
#2026 06 25 05:08:44.544#Z#DEBUG#d13b5946-7053-11f1-b94b-eeee0a95ec30.day14_epm_assignment#flowable-async-job-executor-thread-10695#
[PollStartAppStatusExecution] c06de5f0-2912-46b3-be3c-05a3c5ff67e9 [2026-06-25T04:39:21.875385] Process became ready with guid c06de5f0-2912-46b3-be3c-05a3c5ff67e9 payload: {"instance"=>"994c9b92-f6e1-4a46-493c-d408", "index"=>0, "cell_id"=>"54b50d35-322b-4617-baa3-c13476b47cb5", "ready"=>true, "version"=>"8fbca683-de10-4e5a-bf69-892851d5e630"} (STDOUT, API)#
#2026 06 25 05:08:44.544#Z#DEBUG#d13b5946-7053-11f1-b94b-eeee0a95ec30.day14_epm_assignment#flowable-async-job-executor-thread-10695#
[PollStartAppStatusExecution] c06de5f0-2912-46b3-be3c-05a3c5ff67e9 [2026-06-25T04:40:15.723140] Cell 4401fcd0-006d-4ceb-9b51-aa22a1b186cf destroying container for instance 033f1546-1dad-404a-6dde-ffcf (STDOUT, CELL)#
#2026 06 25 05:08:44.544#Z#DEBUG#d13b5946-7053-11f1-b94b-eeee0a95ec30.day14_epm_assignment#flowable-async-job-executor-thread-10695#
[PollStartAppStatusExecution] c06de5f0-2912-46b3-be3c-05a3c5ff67e9 [2026-06-25T04:40:15.906241] Exit status 137 (STDOUT, PROXY)#
#2026 06 25 05:08:44.544#Z#DEBUG#d13b5946-7053-11f1-b94b-eeee0a95ec30.day14_epm_assignment#flowable-async-job-executor-thread-10695#
[PollStartAppStatusExecution] c06de5f0-2912-46b3-be3c-05a3c5ff67e9 [2026-06-25T04:40:18.740130] Cell 4401fcd0-006d-4ceb-9b51-aa22a1b186cf successfully destroyed container for instance 033f1546-1dad-404a-6dde-ffcf (STDOUT, CELL)#
#2026 06 25 05:08:44.544#Z#DEBUG#d13b5946-7053-11f1-b94b-eeee0a95ec30.day14_epm_assignment#flowable-async-job-executor-thread-10695#
[PollStartAppStatusExecution] c06de5f0-2912-46b3-be3c-05a3c5ff67e9 [2026-06-25T04:53:05.974928] Updated app with guid c06de5f0-2912-46b3-be3c-05a3c5ff67e9 ({"lifecycle"=>{"data"=>{"buildpacks"=>[]}, "type"=>"buildpack"}}) (STDOUT, API)#
#2026 06 25 05:08:44.544#Z#DEBUG#d13b5946-7053-11f1-b94b-eeee0a95ec30.day14_epm_assignment#flowable-async-job-executor-thread-10695#
[PollStartAppStatusExecution] c06de5f0-2912-46b3-be3c-05a3c5ff67e9 [2026-06-25T04:53:06.083211] Updating process: "web" (STDOUT, API)#
#2026 06 25 05:08:44.544#Z#DEBUG#d13b5946-7053-11f1-b94b-eeee0a95ec30.day14_epm_assignment#flowable-async-job-executor-thread-10695#
[PollStartAppStatusExecution] c06de5f0-2912-46b3-be3c-05a3c5ff67e9 [2026-06-25T04:53:31.748736] Stopping app with guid c06de5f0-2912-46b3-be3c-05a3c5ff67e9 (STDOUT, API)#
#2026 06 25 05:08:44.544#Z#DEBUG#d13b5946-7053-11f1-b94b-eeee0a95ec30.day14_epm_assignment#flowable-async-job-executor-thread-10695#
[PollStartAppStatusExecution] c06de5f0-2912-46b3-be3c-05a3c5ff67e9 [2026-06-25T04:53:31.818519] Cell 54b50d35-322b-4617-baa3-c13476b47cb5 stopping instance 994c9b92-f6e1-4a46-493c-d408 (STDOUT, CELL)#
#2026 06 25 05:08:44.544#Z#DEBUG#d13b5946-7053-11f1-b94b-eeee0a95ec30.day14_epm_assignment#flowable-async-job-executor-thread-10695#
[PollStartAppStatusExecution] c06de5f0-2912-46b3-be3c-05a3c5ff67e9 [2026-06-25T04:53:32.135051] Starting app with guid c06de5f0-2912-46b3-be3c-05a3c5ff67e9 (STDOUT, API)#
#2026 06 25 05:08:44.544#Z#DEBUG#d13b5946-7053-11f1-b94b-eeee0a95ec30.day14_epm_assignment#flowable-async-job-executor-thread-10695#
[PollStartAppStatusExecution] c06de5f0-2912-46b3-be3c-05a3c5ff67e9 [2026-06-25T04:53:32.391447] Cell 1ea14514-f0fe-461c-9aa9-a53bbe093b00 creating container for instance 082b55e7-bdda-49a0-7a4e-8dd6 (STDOUT, CELL)#
#2026 06 25 05:08:44.544#Z#DEBUG#d13b5946-7053-11f1-b94b-eeee0a95ec30.day14_epm_assignment#flowable-async-job-executor-thread-10695#
[PollStartAppStatusExecution] c06de5f0-2912-46b3-be3c-05a3c5ff67e9 [2026-06-25T04:53:33.261727] Security group rules were updated (STDOUT, CELL)#
#2026 06 25 05:08:44.544#Z#DEBUG#d13b5946-7053-11f1-b94b-eeee0a95ec30.day14_epm_assignment#flowable-async-job-executor-thread-10695#
[PollStartAppStatusExecution] c06de5f0-2912-46b3-be3c-05a3c5ff67e9 [2026-06-25T04:53:33.393176] Cell 1ea14514-f0fe-461c-9aa9-a53bbe093b00 successfully created container for instance 082b55e7-bdda-49a0-7a4e-8dd6 (STDOUT, CELL)#
#2026 06 25 05:08:44.544#Z#DEBUG#d13b5946-7053-11f1-b94b-eeee0a95ec30.day14_epm_assignment#flowable-async-job-executor-thread-10695#
[PollStartAppStatusExecution] c06de5f0-2912-46b3-be3c-05a3c5ff67e9 [2026-06-25T04:53:34.597374] Downloading droplet... (STDOUT, CELL)#
#2026 06 25 05:08:44.544#Z#DEBUG#d13b5946-7053-11f1-b94b-eeee0a95ec30.day14_epm_assignment#flowable-async-job-executor-thread-10695#
[PollStartAppStatusExecution] c06de5f0-2912-46b3-be3c-05a3c5ff67e9 [2026-06-25T04:53:40.881994] Downloaded droplet (62.2M) (STDOUT, CELL)#
#2026 06 25 05:08:44.544#Z#DEBUG#d13b5946-7053-11f1-b94b-eeee0a95ec30.day14_epm_assignment#flowable-async-job-executor-thread-10695#
[PollStartAppStatusExecution] c06de5f0-2912-46b3-be3c-05a3c5ff67e9 [2026-06-25T04:53:40.882194] Starting health monitoring of container (STDOUT, CELL)#
#2026 06 25 05:08:44.544#Z#DEBUG#d13b5946-7053-11f1-b94b-eeee0a95ec30.day14_epm_assignment#flowable-async-job-executor-thread-10695#
[PollStartAppStatusExecution] c06de5f0-2912-46b3-be3c-05a3c5ff67e9 [2026-06-25T04:53:41.061860] Invoking pre-start scripts. (STDOUT, APP/PROC/WEB)#
#2026 06 25 05:08:44.544#Z#DEBUG#d13b5946-7053-11f1-b94b-eeee0a95ec30.day14_epm_assignment#flowable-async-job-executor-thread-10695#
[PollStartAppStatusExecution] c06de5f0-2912-46b3-be3c-05a3c5ff67e9 [2026-06-25T04:53:41.315089] Invoking start command. (STDOUT, APP/PROC/WEB)#
#2026 06 25 05:08:44.544#Z#DEBUG#d13b5946-7053-11f1-b94b-eeee0a95ec30.day14_epm_assignment#flowable-async-job-executor-thread-10695#
[PollStartAppStatusExecution] c06de5f0-2912-46b3-be3c-05a3c5ff67e9 [2026-06-25T04:53:41.786662] > start (STDOUT, APP/PROC/WEB)#
#2026 06 25 05:08:44.544#Z#DEBUG#d13b5946-7053-11f1-b94b-eeee0a95ec30.day14_epm_assignment#flowable-async-job-executor-thread-10695#
[PollStartAppStatusExecution] c06de5f0-2912-46b3-be3c-05a3c5ff67e9 [2026-06-25T04:53:41.786681] > node node_modules/@sap/approuter/approuter.js (STDOUT, APP/PROC/WEB)#
#2026 06 25 05:08:44.544#Z#DEBUG#d13b5946-7053-11f1-b94b-eeee0a95ec30.day14_epm_assignment#flowable-async-job-executor-thread-10695#
[PollStartAppStatusExecution] c06de5f0-2912-46b3-be3c-05a3c5ff67e9 [2026-06-25T04:53:42.005684] {"written_at":"2026-06-25T04:53:42.003Z","written_ts":1782363222003000000,"csn_component":"-","correlation_id":"-","type":"log","logger":"nodejs-logger","layer":"/LoggingLibrary","level":"warning","container_id":"10.32.1.5","component_type":"application","component_id":"c06de5f0-2912-46b3-be3c-05a3c5ff67e9","component_name":"day14_epm_assignment","component_instance":-1,"source_instance":-1,"organization_id":"0d0973ef-c78b-4c50-83e0-fbcc69afcce8","organization_name":"796953b2trial","space_id":"e895d6b5-3f9e-41ef-a874-5a584fa002c4","space_name":"dev","context_id":"","msg":"Dynamic log level switching not available"} (STDOUT, APP/PROC/WEB)#
#2026 06 25 05:08:44.544#Z#DEBUG#d13b5946-7053-11f1-b94b-eeee0a95ec30.day14_epm_assignment#flowable-async-job-executor-thread-10695#
[PollStartAppStatusExecution] c06de5f0-2912-46b3-be3c-05a3c5ff67e9 [2026-06-25T04:53:42.515680] {"written_at":"2026-06-25T04:53:42.514Z","written_ts":1782363222514000000,"csn_component":"-","correlation_id":"mqt11kab","type":"log","logger":"nodejs-logger","layer":"/approuter","level":"info","container_id":"10.32.1.5","component_type":"application","component_id":"c06de5f0-2912-46b3-be3c-05a3c5ff67e9","component_name":"day14_epm_assignment","component_instance":-1,"source_instance":-1,"organization_id":"0d0973ef-c78b-4c50-83e0-fbcc69afcce8","organization_name":"796953b2trial","space_id":"e895d6b5-3f9e-41ef-a874-5a584fa002c4","space_name":"dev","context_id":"mqt11kab","msg":"Application router version 21.5.0"} (STDOUT, APP/PROC/WEB)#
#2026 06 25 05:08:44.544#Z#DEBUG#d13b5946-7053-11f1-b94b-eeee0a95ec30.day14_epm_assignment#flowable-async-job-executor-thread-10695#
[PollStartAppStatusExecution] c06de5f0-2912-46b3-be3c-05a3c5ff67e9 [2026-06-25T04:53:42.521617] {"written_at":"2026-06-25T04:53:42.521Z","written_ts":1782363222521000000,"csn_component":"-","correlation_id":"mqt11kah","type":"log","logger":"nodejs-logger","layer":"/Configuration","level":"info","container_id":"10.32.1.5","component_type":"application","component_id":"c06de5f0-2912-46b3-be3c-05a3c5ff67e9","component_name":"day14_epm_assignment","component_instance":-1,"source_instance":-1,"organization_id":"0d0973ef-c78b-4c50-83e0-fbcc69afcce8","organization_name":"796953b2trial","space_id":"e895d6b5-3f9e-41ef-a874-5a584fa002c4","space_name":"dev","context_id":"mqt11kah","msg":"No COOKIES environment variable"} (STDOUT, APP/PROC/WEB)#
#2026 06 25 05:08:44.544#Z#DEBUG#d13b5946-7053-11f1-b94b-eeee0a95ec30.day14_epm_assignment#flowable-async-job-executor-thread-10695#
[PollStartAppStatusExecution] c06de5f0-2912-46b3-be3c-05a3c5ff67e9 [2026-06-25T04:53:42.557595] {"written_at":"2026-06-25T04:53:42.557Z","written_ts":1782363222557000000,"csn_component":"-","correlation_id":"mqt11kab","type":"log","logger":"nodejs-logger","layer":"/approuter","level":"info","container_id":"10.32.1.5","component_type":"application","component_id":"c06de5f0-2912-46b3-be3c-05a3c5ff67e9","component_name":"day14_epm_assignment","component_instance":-1,"source_instance":-1,"organization_id":"0d0973ef-c78b-4c50-83e0-fbcc69afcce8","organization_name":"796953b2trial","space_id":"e895d6b5-3f9e-41ef-a874-5a584fa002c4","space_name":"dev","context_id":"mqt11kab","msg":"Application router is listening on port: 8080"} (STDOUT, APP/PROC/WEB)#
#2026 06 25 05:08:44.544#Z#DEBUG#d13b5946-7053-11f1-b94b-eeee0a95ec30.day14_epm_assignment#flowable-async-job-executor-thread-10695#
[PollStartAppStatusExecution] c06de5f0-2912-46b3-be3c-05a3c5ff67e9 [2026-06-25T04:53:44.825449] Container became healthy (STDOUT, CELL)#
#2026 06 25 05:08:44.544#Z#DEBUG#d13b5946-7053-11f1-b94b-eeee0a95ec30.day14_epm_assignment#flowable-async-job-executor-thread-10695#
[PollStartAppStatusExecution] c06de5f0-2912-46b3-be3c-05a3c5ff67e9 [2026-06-25T04:53:44.863914] Process became ready with guid c06de5f0-2912-46b3-be3c-05a3c5ff67e9 payload: {"instance"=>"082b55e7-bdda-49a0-7a4e-8dd6", "index"=>0, "cell_id"=>"1ea14514-f0fe-461c-9aa9-a53bbe093b00", "ready"=>true, "version"=>"6570bf08-0b4b-4f49-906c-c938366a410d"} (STDOUT, API)#
#2026 06 25 05:08:44.544#Z#DEBUG#d13b5946-7053-11f1-b94b-eeee0a95ec30.day14_epm_assignment#flowable-async-job-executor-thread-10695#
[PollStartAppStatusExecution] c06de5f0-2912-46b3-be3c-05a3c5ff67e9 [2026-06-25T04:54:38.598429] Cell 54b50d35-322b-4617-baa3-c13476b47cb5 destroying container for instance 994c9b92-f6e1-4a46-493c-d408 (STDOUT, CELL)#
#2026 06 25 05:08:44.544#Z#DEBUG#d13b5946-7053-11f1-b94b-eeee0a95ec30.day14_epm_assignment#flowable-async-job-executor-thread-10695#
[PollStartAppStatusExecution] c06de5f0-2912-46b3-be3c-05a3c5ff67e9 [2026-06-25T04:54:38.789888] Exit status 137 (STDOUT, PROXY)#
#2026 06 25 05:08:44.544#Z#DEBUG#d13b5946-7053-11f1-b94b-eeee0a95ec30.day14_epm_assignment#flowable-async-job-executor-thread-10695#
[PollStartAppStatusExecution] c06de5f0-2912-46b3-be3c-05a3c5ff67e9 [2026-06-25T04:54:41.722053] Cell 54b50d35-322b-4617-baa3-c13476b47cb5 successfully destroyed container for instance 994c9b92-f6e1-4a46-493c-d408 (STDOUT, CELL)#
#2026 06 25 05:08:44.544#Z#DEBUG#d13b5946-7053-11f1-b94b-eeee0a95ec30.day14_epm_assignment#flowable-async-job-executor-thread-10695#
[PollStartAppStatusExecution] c06de5f0-2912-46b3-be3c-05a3c5ff67e9 [2026-06-25T04:58:45.849033] Updated app with guid c06de5f0-2912-46b3-be3c-05a3c5ff67e9 ({"lifecycle"=>{"data"=>{"buildpacks"=>[]}, "type"=>"buildpack"}}) (STDOUT, API)#
#2026 06 25 05:08:44.544#Z#DEBUG#d13b5946-7053-11f1-b94b-eeee0a95ec30.day14_epm_assignment#flowable-async-job-executor-thread-10695#
[PollStartAppStatusExecution] c06de5f0-2912-46b3-be3c-05a3c5ff67e9 [2026-06-25T04:58:45.986432] Updating process: "web" (STDOUT, API)#
#2026 06 25 05:08:44.544#Z#DEBUG#d13b5946-7053-11f1-b94b-eeee0a95ec30.day14_epm_assignment#flowable-async-job-executor-thread-10695#
[PollStartAppStatusExecution] c06de5f0-2912-46b3-be3c-05a3c5ff67e9 [2026-06-25T04:59:12.947500] Stopping app with guid c06de5f0-2912-46b3-be3c-05a3c5ff67e9 (STDOUT, API)#
#2026 06 25 05:08:44.544#Z#DEBUG#d13b5946-7053-11f1-b94b-eeee0a95ec30.day14_epm_assignment#flowable-async-job-executor-thread-10695#
[PollStartAppStatusExecution] c06de5f0-2912-46b3-be3c-05a3c5ff67e9 [2026-06-25T04:59:13.013020] Cell 1ea14514-f0fe-461c-9aa9-a53bbe093b00 stopping instance 082b55e7-bdda-49a0-7a4e-8dd6 (STDOUT, CELL)#
#2026 06 25 05:08:44.544#Z#DEBUG#d13b5946-7053-11f1-b94b-eeee0a95ec30.day14_epm_assignment#flowable-async-job-executor-thread-10695#
[PollStartAppStatusExecution] c06de5f0-2912-46b3-be3c-05a3c5ff67e9 [2026-06-25T04:59:13.350887] Starting app with guid c06de5f0-2912-46b3-be3c-05a3c5ff67e9 (STDOUT, API)#
#2026 06 25 05:08:44.544#Z#DEBUG#d13b5946-7053-11f1-b94b-eeee0a95ec30.day14_epm_assignment#flowable-async-job-executor-thread-10695#
[PollStartAppStatusExecution] c06de5f0-2912-46b3-be3c-05a3c5ff67e9 [2026-06-25T04:59:13.580363] Cell 3697da87-6170-41a4-acb7-9186f1527dfa creating container for instance 76404811-7030-410c-7233-f68e (STDOUT, CELL)#
#2026 06 25 05:08:44.544#Z#DEBUG#d13b5946-7053-11f1-b94b-eeee0a95ec30.day14_epm_assignment#flowable-async-job-executor-thread-10695#
[PollStartAppStatusExecution] c06de5f0-2912-46b3-be3c-05a3c5ff67e9 [2026-06-25T04:59:14.322264] Security group rules were updated (STDOUT, CELL)#
#2026 06 25 05:08:44.544#Z#DEBUG#d13b5946-7053-11f1-b94b-eeee0a95ec30.day14_epm_assignment#flowable-async-job-executor-thread-10695#
[PollStartAppStatusExecution] c06de5f0-2912-46b3-be3c-05a3c5ff67e9 [2026-06-25T04:59:14.408765] Cell 3697da87-6170-41a4-acb7-9186f1527dfa successfully created container for instance 76404811-7030-410c-7233-f68e (STDOUT, CELL)#
#2026 06 25 05:08:44.544#Z#DEBUG#d13b5946-7053-11f1-b94b-eeee0a95ec30.day14_epm_assignment#flowable-async-job-executor-thread-10695#
[PollStartAppStatusExecution] c06de5f0-2912-46b3-be3c-05a3c5ff67e9 [2026-06-25T04:59:14.808569] Downloading droplet... (STDOUT, CELL)#
#2026 06 25 05:08:44.544#Z#DEBUG#d13b5946-7053-11f1-b94b-eeee0a95ec30.day14_epm_assignment#flowable-async-job-executor-thread-10695#
[PollStartAppStatusExecution] c06de5f0-2912-46b3-be3c-05a3c5ff67e9 [2026-06-25T04:59:20.115591] Downloaded droplet (62.2M) (STDOUT, CELL)#
#2026 06 25 05:08:44.544#Z#DEBUG#d13b5946-7053-11f1-b94b-eeee0a95ec30.day14_epm_assignment#flowable-async-job-executor-thread-10695#
[PollStartAppStatusExecution] c06de5f0-2912-46b3-be3c-05a3c5ff67e9 [2026-06-25T04:59:20.115894] Starting health monitoring of container (STDOUT, CELL)#
#2026 06 25 05:08:44.544#Z#DEBUG#d13b5946-7053-11f1-b94b-eeee0a95ec30.day14_epm_assignment#flowable-async-job-executor-thread-10695#
[PollStartAppStatusExecution] c06de5f0-2912-46b3-be3c-05a3c5ff67e9 [2026-06-25T04:59:20.256360] Invoking pre-start scripts. (STDOUT, APP/PROC/WEB)#
#2026 06 25 05:08:44.544#Z#DEBUG#d13b5946-7053-11f1-b94b-eeee0a95ec30.day14_epm_assignment#flowable-async-job-executor-thread-10695#
[PollStartAppStatusExecution] c06de5f0-2912-46b3-be3c-05a3c5ff67e9 [2026-06-25T04:59:20.491603] Invoking start command. (STDOUT, APP/PROC/WEB)#
#2026 06 25 05:08:44.544#Z#DEBUG#d13b5946-7053-11f1-b94b-eeee0a95ec30.day14_epm_assignment#flowable-async-job-executor-thread-10695#
[PollStartAppStatusExecution] c06de5f0-2912-46b3-be3c-05a3c5ff67e9 [2026-06-25T04:59:20.924091] > start (STDOUT, APP/PROC/WEB)#
#2026 06 25 05:08:44.544#Z#DEBUG#d13b5946-7053-11f1-b94b-eeee0a95ec30.day14_epm_assignment#flowable-async-job-executor-thread-10695#
[PollStartAppStatusExecution] c06de5f0-2912-46b3-be3c-05a3c5ff67e9 [2026-06-25T04:59:20.924113] > node node_modules/@sap/approuter/approuter.js (STDOUT, APP/PROC/WEB)#
#2026 06 25 05:08:44.544#Z#DEBUG#d13b5946-7053-11f1-b94b-eeee0a95ec30.day14_epm_assignment#flowable-async-job-executor-thread-10695#
[PollStartAppStatusExecution] c06de5f0-2912-46b3-be3c-05a3c5ff67e9 [2026-06-25T04:59:21.124939] {"written_at":"2026-06-25T04:59:21.123Z","written_ts":1782363561123000000,"csn_component":"-","correlation_id":"-","type":"log","logger":"nodejs-logger","layer":"/LoggingLibrary","level":"warning","container_id":"10.32.2.7","component_type":"application","component_id":"c06de5f0-2912-46b3-be3c-05a3c5ff67e9","component_name":"day14_epm_assignment","component_instance":-1,"source_instance":-1,"organization_id":"0d0973ef-c78b-4c50-83e0-fbcc69afcce8","organization_name":"796953b2trial","space_id":"e895d6b5-3f9e-41ef-a874-5a584fa002c4","space_name":"dev","context_id":"","msg":"Dynamic log level switching not available"} (STDOUT, APP/PROC/WEB)#
#2026 06 25 05:08:44.544#Z#DEBUG#d13b5946-7053-11f1-b94b-eeee0a95ec30.day14_epm_assignment#flowable-async-job-executor-thread-10695#
[PollStartAppStatusExecution] c06de5f0-2912-46b3-be3c-05a3c5ff67e9 [2026-06-25T04:59:21.733887] {"written_at":"2026-06-25T04:59:21.733Z","written_ts":1782363561733000000,"csn_component":"-","correlation_id":"mqt18u11","type":"log","logger":"nodejs-logger","layer":"/approuter","level":"info","container_id":"10.32.2.7","component_type":"application","component_id":"c06de5f0-2912-46b3-be3c-05a3c5ff67e9","component_name":"day14_epm_assignment","component_instance":-1,"source_instance":-1,"organization_id":"0d0973ef-c78b-4c50-83e0-fbcc69afcce8","organization_name":"796953b2trial","space_id":"e895d6b5-3f9e-41ef-a874-5a584fa002c4","space_name":"dev","context_id":"mqt18u11","msg":"Application router version 21.5.0"} (STDOUT, APP/PROC/WEB)#
#2026 06 25 05:08:44.544#Z#DEBUG#d13b5946-7053-11f1-b94b-eeee0a95ec30.day14_epm_assignment#flowable-async-job-executor-thread-10695#
[PollStartAppStatusExecution] c06de5f0-2912-46b3-be3c-05a3c5ff67e9 [2026-06-25T04:59:21.739373] {"written_at":"2026-06-25T04:59:21.739Z","written_ts":1782363561739000000,"csn_component":"-","correlation_id":"mqt18u17","type":"log","logger":"nodejs-logger","layer":"/Configuration","level":"info","container_id":"10.32.2.7","component_type":"application","component_id":"c06de5f0-2912-46b3-be3c-05a3c5ff67e9","component_name":"day14_epm_assignment","component_instance":-1,"source_instance":-1,"organization_id":"0d0973ef-c78b-4c50-83e0-fbcc69afcce8","organization_name":"796953b2trial","space_id":"e895d6b5-3f9e-41ef-a874-5a584fa002c4","space_name":"dev","context_id":"mqt18u17","msg":"No COOKIES environment variable"} (STDOUT, APP/PROC/WEB)#
#2026 06 25 05:08:44.544#Z#DEBUG#d13b5946-7053-11f1-b94b-eeee0a95ec30.day14_epm_assignment#flowable-async-job-executor-thread-10695#
[PollStartAppStatusExecution] c06de5f0-2912-46b3-be3c-05a3c5ff67e9 [2026-06-25T04:59:21.779297] {"written_at":"2026-06-25T04:59:21.779Z","written_ts":1782363561779000000,"csn_component":"-","correlation_id":"mqt18u11","type":"log","logger":"nodejs-logger","layer":"/approuter","level":"info","container_id":"10.32.2.7","component_type":"application","component_id":"c06de5f0-2912-46b3-be3c-05a3c5ff67e9","component_name":"day14_epm_assignment","component_instance":-1,"source_instance":-1,"organization_id":"0d0973ef-c78b-4c50-83e0-fbcc69afcce8","organization_name":"796953b2trial","space_id":"e895d6b5-3f9e-41ef-a874-5a584fa002c4","space_name":"dev","context_id":"mqt18u11","msg":"Application router is listening on port: 8080"} (STDOUT, APP/PROC/WEB)#
#2026 06 25 05:08:44.544#Z#DEBUG#d13b5946-7053-11f1-b94b-eeee0a95ec30.day14_epm_assignment#flowable-async-job-executor-thread-10695#
[PollStartAppStatusExecution] c06de5f0-2912-46b3-be3c-05a3c5ff67e9 [2026-06-25T04:59:23.186183] Container became healthy (STDOUT, CELL)#
#2026 06 25 05:08:44.544#Z#DEBUG#d13b5946-7053-11f1-b94b-eeee0a95ec30.day14_epm_assignment#flowable-async-job-executor-thread-10695#
[PollStartAppStatusExecution] c06de5f0-2912-46b3-be3c-05a3c5ff67e9 [2026-06-25T04:59:23.220543] Process became ready with guid c06de5f0-2912-46b3-be3c-05a3c5ff67e9 payload: {"instance"=>"76404811-7030-410c-7233-f68e", "index"=>0, "cell_id"=>"3697da87-6170-41a4-acb7-9186f1527dfa", "ready"=>true, "version"=>"7e7db143-1be3-4bd0-a2b2-e79c2387d97b"} (STDOUT, API)#
#2026 06 25 05:08:44.544#Z#DEBUG#d13b5946-7053-11f1-b94b-eeee0a95ec30.day14_epm_assignment#flowable-async-job-executor-thread-10695#
[PollStartAppStatusExecution] c06de5f0-2912-46b3-be3c-05a3c5ff67e9 [2026-06-25T05:00:20.656793] Cell 1ea14514-f0fe-461c-9aa9-a53bbe093b00 destroying container for instance 082b55e7-bdda-49a0-7a4e-8dd6 (STDOUT, CELL)#
#2026 06 25 05:08:44.544#Z#DEBUG#d13b5946-7053-11f1-b94b-eeee0a95ec30.day14_epm_assignment#flowable-async-job-executor-thread-10695#
[PollStartAppStatusExecution] c06de5f0-2912-46b3-be3c-05a3c5ff67e9 [2026-06-25T05:00:20.904783] Exit status 137 (STDOUT, PROXY)#
#2026 06 25 05:08:44.544#Z#DEBUG#d13b5946-7053-11f1-b94b-eeee0a95ec30.day14_epm_assignment#flowable-async-job-executor-thread-10695#
[PollStartAppStatusExecution] c06de5f0-2912-46b3-be3c-05a3c5ff67e9 [2026-06-25T05:00:24.094182] Cell 1ea14514-f0fe-461c-9aa9-a53bbe093b00 successfully destroyed container for instance 082b55e7-bdda-49a0-7a4e-8dd6 (STDOUT, CELL)#
#2026 06 25 05:08:44.544#Z#DEBUG#d13b5946-7053-11f1-b94b-eeee0a95ec30.day14_epm_assignment#flowable-async-job-executor-thread-10695#
[PollStartAppStatusExecution] c06de5f0-2912-46b3-be3c-05a3c5ff67e9 [2026-06-25T05:05:28.737038] Updated app with guid c06de5f0-2912-46b3-be3c-05a3c5ff67e9 ({"lifecycle"=>{"data"=>{"buildpacks"=>[]}, "type"=>"buildpack"}}) (STDOUT, API)#
#2026 06 25 05:08:44.544#Z#DEBUG#d13b5946-7053-11f1-b94b-eeee0a95ec30.day14_epm_assignment#flowable-async-job-executor-thread-10695#
[PollStartAppStatusExecution] c06de5f0-2912-46b3-be3c-05a3c5ff67e9 [2026-06-25T05:05:28.860701] Updating process: "web" (STDOUT, API)#
#2026 06 25 05:08:44.544#Z#DEBUG#d13b5946-7053-11f1-b94b-eeee0a95ec30.day14_epm_assignment#flowable-async-job-executor-thread-10695#
[PollStartAppStatusExecution] c06de5f0-2912-46b3-be3c-05a3c5ff67e9 [2026-06-25T05:05:54.765472] Stopping app with guid c06de5f0-2912-46b3-be3c-05a3c5ff67e9 (STDOUT, API)#
#2026 06 25 05:08:44.544#Z#DEBUG#d13b5946-7053-11f1-b94b-eeee0a95ec30.day14_epm_assignment#flowable-async-job-executor-thread-10695#
[PollStartAppStatusExecution] c06de5f0-2912-46b3-be3c-05a3c5ff67e9 [2026-06-25T05:05:54.821824] Cell 3697da87-6170-41a4-acb7-9186f1527dfa stopping instance 76404811-7030-410c-7233-f68e (STDOUT, CELL)#
#2026 06 25 05:08:44.544#Z#DEBUG#d13b5946-7053-11f1-b94b-eeee0a95ec30.day14_epm_assignment#flowable-async-job-executor-thread-10695#
[PollStartAppStatusExecution] c06de5f0-2912-46b3-be3c-05a3c5ff67e9 [2026-06-25T05:05:55.170424] Starting app with guid c06de5f0-2912-46b3-be3c-05a3c5ff67e9 (STDOUT, API)#
#2026 06 25 05:08:44.544#Z#DEBUG#d13b5946-7053-11f1-b94b-eeee0a95ec30.day14_epm_assignment#flowable-async-job-executor-thread-10695#
[PollStartAppStatusExecution] c06de5f0-2912-46b3-be3c-05a3c5ff67e9 [2026-06-25T05:05:55.401827] Cell 4401fcd0-006d-4ceb-9b51-aa22a1b186cf creating container for instance 9f3157c3-3d0d-463c-553a-7e70 (STDOUT, CELL)#
#2026 06 25 05:08:44.544#Z#DEBUG#d13b5946-7053-11f1-b94b-eeee0a95ec30.day14_epm_assignment#flowable-async-job-executor-thread-10695#
[PollStartAppStatusExecution] c06de5f0-2912-46b3-be3c-05a3c5ff67e9 [2026-06-25T05:05:56.254341] Security group rules were updated (STDOUT, CELL)#
#2026 06 25 05:08:44.544#Z#DEBUG#d13b5946-7053-11f1-b94b-eeee0a95ec30.day14_epm_assignment#flowable-async-job-executor-thread-10695#
[PollStartAppStatusExecution] c06de5f0-2912-46b3-be3c-05a3c5ff67e9 [2026-06-25T05:05:56.374067] Cell 4401fcd0-006d-4ceb-9b51-aa22a1b186cf successfully created container for instance 9f3157c3-3d0d-463c-553a-7e70 (STDOUT, CELL)#
#2026 06 25 05:08:44.544#Z#DEBUG#d13b5946-7053-11f1-b94b-eeee0a95ec30.day14_epm_assignment#flowable-async-job-executor-thread-10695#
[PollStartAppStatusExecution] c06de5f0-2912-46b3-be3c-05a3c5ff67e9 [2026-06-25T05:05:57.433928] Downloading droplet... (STDOUT, CELL)#
#2026 06 25 05:08:44.544#Z#DEBUG#d13b5946-7053-11f1-b94b-eeee0a95ec30.day14_epm_assignment#flowable-async-job-executor-thread-10695#
[PollStartAppStatusExecution] c06de5f0-2912-46b3-be3c-05a3c5ff67e9 [2026-06-25T05:06:02.545339] Downloaded droplet (62.2M) (STDOUT, CELL)#
#2026 06 25 05:08:44.544#Z#DEBUG#d13b5946-7053-11f1-b94b-eeee0a95ec30.day14_epm_assignment#flowable-async-job-executor-thread-10695#
[PollStartAppStatusExecution] c06de5f0-2912-46b3-be3c-05a3c5ff67e9 [2026-06-25T05:06:02.545428] Starting health monitoring of container (STDOUT, CELL)#
#2026 06 25 05:08:44.544#Z#DEBUG#d13b5946-7053-11f1-b94b-eeee0a95ec30.day14_epm_assignment#flowable-async-job-executor-thread-10695#
[PollStartAppStatusExecution] c06de5f0-2912-46b3-be3c-05a3c5ff67e9 [2026-06-25T05:06:02.688905] Invoking pre-start scripts. (STDOUT, APP/PROC/WEB)#
#2026 06 25 05:08:44.544#Z#DEBUG#d13b5946-7053-11f1-b94b-eeee0a95ec30.day14_epm_assignment#flowable-async-job-executor-thread-10695#
[PollStartAppStatusExecution] c06de5f0-2912-46b3-be3c-05a3c5ff67e9 [2026-06-25T05:06:02.930391] Invoking start command. (STDOUT, APP/PROC/WEB)#
#2026 06 25 05:08:44.544#Z#DEBUG#d13b5946-7053-11f1-b94b-eeee0a95ec30.day14_epm_assignment#flowable-async-job-executor-thread-10695#
[PollStartAppStatusExecution] c06de5f0-2912-46b3-be3c-05a3c5ff67e9 [2026-06-25T05:06:03.375531] > start (STDOUT, APP/PROC/WEB)#
#2026 06 25 05:08:44.544#Z#DEBUG#d13b5946-7053-11f1-b94b-eeee0a95ec30.day14_epm_assignment#flowable-async-job-executor-thread-10695#
[PollStartAppStatusExecution] c06de5f0-2912-46b3-be3c-05a3c5ff67e9 [2026-06-25T05:06:03.375544] > node node_modules/@sap/approuter/approuter.js (STDOUT, APP/PROC/WEB)#
#2026 06 25 05:08:44.544#Z#DEBUG#d13b5946-7053-11f1-b94b-eeee0a95ec30.day14_epm_assignment#flowable-async-job-executor-thread-10695#
[PollStartAppStatusExecution] c06de5f0-2912-46b3-be3c-05a3c5ff67e9 [2026-06-25T05:06:03.577791] {"written_at":"2026-06-25T05:06:03.576Z","written_ts":1782363963576000000,"csn_component":"-","correlation_id":"-","type":"log","logger":"nodejs-logger","layer":"/LoggingLibrary","level":"warning","container_id":"10.32.3.5","component_type":"application","component_id":"c06de5f0-2912-46b3-be3c-05a3c5ff67e9","component_name":"day14_epm_assignment","component_instance":-1,"source_instance":-1,"organization_id":"0d0973ef-c78b-4c50-83e0-fbcc69afcce8","organization_name":"796953b2trial","space_id":"e895d6b5-3f9e-41ef-a874-5a584fa002c4","space_name":"dev","context_id":"","msg":"Dynamic log level switching not available"} (STDOUT, APP/PROC/WEB)#
#2026 06 25 05:08:44.544#Z#DEBUG#d13b5946-7053-11f1-b94b-eeee0a95ec30.day14_epm_assignment#flowable-async-job-executor-thread-10695#
[PollStartAppStatusExecution] c06de5f0-2912-46b3-be3c-05a3c5ff67e9 [2026-06-25T05:06:04.218469] {"written_at":"2026-06-25T05:06:04.217Z","written_ts":1782363964217000000,"csn_component":"-","correlation_id":"mqt1hgl6","type":"log","logger":"nodejs-logger","layer":"/approuter","level":"info","container_id":"10.32.3.5","component_type":"application","component_id":"c06de5f0-2912-46b3-be3c-05a3c5ff67e9","component_name":"day14_epm_assignment","component_instance":-1,"source_instance":-1,"organization_id":"0d0973ef-c78b-4c50-83e0-fbcc69afcce8","organization_name":"796953b2trial","space_id":"e895d6b5-3f9e-41ef-a874-5a584fa002c4","space_name":"dev","context_id":"mqt1hgl6","msg":"Application router version 21.5.0"} (STDOUT, APP/PROC/WEB)#
#2026 06 25 05:08:44.544#Z#DEBUG#d13b5946-7053-11f1-b94b-eeee0a95ec30.day14_epm_assignment#flowable-async-job-executor-thread-10695#
[PollStartAppStatusExecution] c06de5f0-2912-46b3-be3c-05a3c5ff67e9 [2026-06-25T05:06:04.224669] {"written_at":"2026-06-25T05:06:04.224Z","written_ts":1782363964224000000,"csn_component":"-","correlation_id":"mqt1hglc","type":"log","logger":"nodejs-logger","layer":"/Configuration","level":"info","container_id":"10.32.3.5","component_type":"application","component_id":"c06de5f0-2912-46b3-be3c-05a3c5ff67e9","component_name":"day14_epm_assignment","component_instance":-1,"source_instance":-1,"organization_id":"0d0973ef-c78b-4c50-83e0-fbcc69afcce8","organization_name":"796953b2trial","space_id":"e895d6b5-3f9e-41ef-a874-5a584fa002c4","space_name":"dev","context_id":"mqt1hglc","msg":"No COOKIES environment variable"} (STDOUT, APP/PROC/WEB)#
#2026 06 25 05:08:44.544#Z#DEBUG#d13b5946-7053-11f1-b94b-eeee0a95ec30.day14_epm_assignment#flowable-async-job-executor-thread-10695#
[PollStartAppStatusExecution] c06de5f0-2912-46b3-be3c-05a3c5ff67e9 [2026-06-25T05:06:04.265141] {"written_at":"2026-06-25T05:06:04.264Z","written_ts":1782363964264000000,"csn_component":"-","correlation_id":"mqt1hgl6","type":"log","logger":"nodejs-logger","layer":"/approuter","level":"info","container_id":"10.32.3.5","component_type":"application","component_id":"c06de5f0-2912-46b3-be3c-05a3c5ff67e9","component_name":"day14_epm_assignment","component_instance":-1,"source_instance":-1,"organization_id":"0d0973ef-c78b-4c50-83e0-fbcc69afcce8","organization_name":"796953b2trial","space_id":"e895d6b5-3f9e-41ef-a874-5a584fa002c4","space_name":"dev","context_id":"mqt1hgl6","msg":"Application router is listening on port: 8080"} (STDOUT, APP/PROC/WEB)#
#2026 06 25 05:08:44.544#Z#DEBUG#d13b5946-7053-11f1-b94b-eeee0a95ec30.day14_epm_assignment#flowable-async-job-executor-thread-10695#
[PollStartAppStatusExecution] c06de5f0-2912-46b3-be3c-05a3c5ff67e9 [2026-06-25T05:06:05.861974] Container became healthy (STDOUT, CELL)#
#2026 06 25 05:08:44.544#Z#DEBUG#d13b5946-7053-11f1-b94b-eeee0a95ec30.day14_epm_assignment#flowable-async-job-executor-thread-10695#
[PollStartAppStatusExecution] c06de5f0-2912-46b3-be3c-05a3c5ff67e9 [2026-06-25T05:06:05.903709] Process became ready with guid c06de5f0-2912-46b3-be3c-05a3c5ff67e9 payload: {"instance"=>"9f3157c3-3d0d-463c-553a-7e70", "index"=>0, "cell_id"=>"4401fcd0-006d-4ceb-9b51-aa22a1b186cf", "ready"=>true, "version"=>"be350004-289f-43ab-81dd-ccd44a805f0e"} (STDOUT, API)#
#2026 06 25 05:08:44.544#Z#DEBUG#d13b5946-7053-11f1-b94b-eeee0a95ec30.day14_epm_assignment#flowable-async-job-executor-thread-10695#
[PollStartAppStatusExecution] c06de5f0-2912-46b3-be3c-05a3c5ff67e9 [2026-06-25T05:07:01.211958] Cell 3697da87-6170-41a4-acb7-9186f1527dfa destroying container for instance 76404811-7030-410c-7233-f68e (STDOUT, CELL)#
#2026 06 25 05:08:44.544#Z#DEBUG#d13b5946-7053-11f1-b94b-eeee0a95ec30.day14_epm_assignment#flowable-async-job-executor-thread-10695#
[PollStartAppStatusExecution] c06de5f0-2912-46b3-be3c-05a3c5ff67e9 [2026-06-25T05:07:01.347431] Exit status 137 (STDOUT, PROXY)#
#2026 06 25 05:08:44.544#Z#DEBUG#d13b5946-7053-11f1-b94b-eeee0a95ec30.day14_epm_assignment#flowable-async-job-executor-thread-10695#
[PollStartAppStatusExecution] c06de5f0-2912-46b3-be3c-05a3c5ff67e9 [2026-06-25T05:07:04.159219] Cell 3697da87-6170-41a4-acb7-9186f1527dfa successfully destroyed container for instance 76404811-7030-410c-7233-f68e (STDOUT, CELL)#
#2026 06 25 05:08:44.544#Z#DEBUG#d13b5946-7053-11f1-b94b-eeee0a95ec30.day14_epm_assignment#flowable-async-job-executor-thread-10695#
[PollStartAppStatusExecution] c06de5f0-2912-46b3-be3c-05a3c5ff67e9 [2026-06-25T05:08:16.964941] Updated app with guid c06de5f0-2912-46b3-be3c-05a3c5ff67e9 ({"lifecycle"=>{"data"=>{"buildpacks"=>[]}, "type"=>"buildpack"}}) (STDOUT, API)#
#2026 06 25 05:08:44.544#Z#DEBUG#d13b5946-7053-11f1-b94b-eeee0a95ec30.day14_epm_assignment#flowable-async-job-executor-thread-10695#
[PollStartAppStatusExecution] c06de5f0-2912-46b3-be3c-05a3c5ff67e9 [2026-06-25T05:08:17.093990] Updating process: "web" (STDOUT, API)#
#2026 06 25 05:08:44.544#Z#DEBUG#d13b5946-7053-11f1-b94b-eeee0a95ec30.day14_epm_assignment#flowable-async-job-executor-thread-10695#
[PollStartAppStatusExecution] c06de5f0-2912-46b3-be3c-05a3c5ff67e9 [2026-06-25T05:08:34.927237] Stopping app with guid c06de5f0-2912-46b3-be3c-05a3c5ff67e9 (STDOUT, API)#
#2026 06 25 05:08:44.544#Z#DEBUG#d13b5946-7053-11f1-b94b-eeee0a95ec30.day14_epm_assignment#flowable-async-job-executor-thread-10695#
[PollStartAppStatusExecution] c06de5f0-2912-46b3-be3c-05a3c5ff67e9 [2026-06-25T05:08:35.004324] Cell 4401fcd0-006d-4ceb-9b51-aa22a1b186cf stopping instance 9f3157c3-3d0d-463c-553a-7e70 (STDOUT, CELL)#
#2026 06 25 05:08:44.544#Z#DEBUG#d13b5946-7053-11f1-b94b-eeee0a95ec30.day14_epm_assignment#flowable-async-job-executor-thread-10695#
[PollStartAppStatusExecution] c06de5f0-2912-46b3-be3c-05a3c5ff67e9 [2026-06-25T05:08:35.324679] Starting app with guid c06de5f0-2912-46b3-be3c-05a3c5ff67e9 (STDOUT, API)#
#2026 06 25 05:08:44.544#Z#DEBUG#d13b5946-7053-11f1-b94b-eeee0a95ec30.day14_epm_assignment#flowable-async-job-executor-thread-10695#
[PollStartAppStatusExecution] c06de5f0-2912-46b3-be3c-05a3c5ff67e9 [2026-06-25T05:08:35.575635] Cell 3697da87-6170-41a4-acb7-9186f1527dfa creating container for instance 5ef2f0e5-b71f-4179-5d9c-ad56 (STDOUT, CELL)#
#2026 06 25 05:08:44.544#Z#DEBUG#d13b5946-7053-11f1-b94b-eeee0a95ec30.day14_epm_assignment#flowable-async-job-executor-thread-10695#
[PollStartAppStatusExecution] c06de5f0-2912-46b3-be3c-05a3c5ff67e9 [2026-06-25T05:08:36.383114] Security group rules were updated (STDOUT, CELL)#
#2026 06 25 05:08:44.544#Z#DEBUG#d13b5946-7053-11f1-b94b-eeee0a95ec30.day14_epm_assignment#flowable-async-job-executor-thread-10695#
[PollStartAppStatusExecution] c06de5f0-2912-46b3-be3c-05a3c5ff67e9 [2026-06-25T05:08:36.500326] Cell 3697da87-6170-41a4-acb7-9186f1527dfa successfully created container for instance 5ef2f0e5-b71f-4179-5d9c-ad56 (STDOUT, CELL)#
#2026 06 25 05:08:44.544#Z#DEBUG#d13b5946-7053-11f1-b94b-eeee0a95ec30.day14_epm_assignment#flowable-async-job-executor-thread-10695#
[PollStartAppStatusExecution] c06de5f0-2912-46b3-be3c-05a3c5ff67e9 [2026-06-25T05:08:37.464819] Downloading droplet... (STDOUT, CELL)#
#2026 06 25 05:08:44.544#Z#DEBUG#d13b5946-7053-11f1-b94b-eeee0a95ec30.day14_epm_assignment#flowable-async-job-executor-thread-10695#
[PollStartAppStatusExecution] c06de5f0-2912-46b3-be3c-05a3c5ff67e9 [2026-06-25T05:08:42.619053] Downloaded droplet (62.2M) (STDOUT, CELL)#
#2026 06 25 05:08:44.544#Z#DEBUG#d13b5946-7053-11f1-b94b-eeee0a95ec30.day14_epm_assignment#flowable-async-job-executor-thread-10695#
[PollStartAppStatusExecution] c06de5f0-2912-46b3-be3c-05a3c5ff67e9 [2026-06-25T05:08:42.619210] Starting health monitoring of container (STDOUT, CELL)#
#2026 06 25 05:08:44.544#Z#DEBUG#d13b5946-7053-11f1-b94b-eeee0a95ec30.day14_epm_assignment#flowable-async-job-executor-thread-10695#
[PollStartAppStatusExecution] c06de5f0-2912-46b3-be3c-05a3c5ff67e9 [2026-06-25T05:08:42.743659] Invoking pre-start scripts. (STDOUT, APP/PROC/WEB)#
#2026 06 25 05:08:44.544#Z#DEBUG#d13b5946-7053-11f1-b94b-eeee0a95ec30.day14_epm_assignment#flowable-async-job-executor-thread-10695#
[PollStartAppStatusExecution] c06de5f0-2912-46b3-be3c-05a3c5ff67e9 [2026-06-25T05:08:42.984039] Invoking start command. (STDOUT, APP/PROC/WEB)#
#2026 06 25 05:08:44.544#Z#DEBUG#d13b5946-7053-11f1-b94b-eeee0a95ec30.day14_epm_assignment#flowable-async-job-executor-thread-10695#
[PollStartAppStatusExecution] c06de5f0-2912-46b3-be3c-05a3c5ff67e9 [2026-06-25T05:08:43.434335] > start (STDOUT, APP/PROC/WEB)#
#2026 06 25 05:08:44.544#Z#DEBUG#d13b5946-7053-11f1-b94b-eeee0a95ec30.day14_epm_assignment#flowable-async-job-executor-thread-10695#
[PollStartAppStatusExecution] c06de5f0-2912-46b3-be3c-05a3c5ff67e9 [2026-06-25T05:08:43.434357] > node node_modules/@sap/approuter/approuter.js (STDOUT, APP/PROC/WEB)#
#2026 06 25 05:08:44.544#Z#DEBUG#d13b5946-7053-11f1-b94b-eeee0a95ec30.day14_epm_assignment#flowable-async-job-executor-thread-10695#
[PollStartAppStatusExecution] c06de5f0-2912-46b3-be3c-05a3c5ff67e9 [2026-06-25T05:08:43.624010] {"written_at":"2026-06-25T05:08:43.622Z","written_ts":1782364123622000000,"csn_component":"-","correlation_id":"-","type":"log","logger":"nodejs-logger","layer":"/LoggingLibrary","level":"warning","container_id":"10.32.2.7","component_type":"application","component_id":"c06de5f0-2912-46b3-be3c-05a3c5ff67e9","component_name":"day14_epm_assignment","component_instance":-1,"source_instance":-1,"organization_id":"0d0973ef-c78b-4c50-83e0-fbcc69afcce8","organization_name":"796953b2trial","space_id":"e895d6b5-3f9e-41ef-a874-5a584fa002c4","space_name":"dev","context_id":"","msg":"Dynamic log level switching not available"} (STDOUT, APP/PROC/WEB)#
#2026 06 25 05:08:53.666#Z#DEBUG#d13b5946-7053-11f1-b94b-eeee0a95ec30.day14_epm_assignment#flowable-async-job-executor-thread-10700#
[PollStartAppStatusExecution] c06de5f0-2912-46b3-be3c-05a3c5ff67e9 [2026-06-25T05:08:44.131385] {"written_at":"2026-06-25T05:08:44.130Z","written_ts":1782364124130000000,"csn_component":"-","correlation_id":"mqt1kvz7","type":"log","logger":"nodejs-logger","layer":"/approuter","level":"info","container_id":"10.32.2.7","component_type":"application","component_id":"c06de5f0-2912-46b3-be3c-05a3c5ff67e9","component_name":"day14_epm_assignment","component_instance":-1,"source_instance":-1,"organization_id":"0d0973ef-c78b-4c50-83e0-fbcc69afcce8","organization_name":"796953b2trial","space_id":"e895d6b5-3f9e-41ef-a874-5a584fa002c4","space_name":"dev","context_id":"mqt1kvz7","msg":"Application router version 21.5.0"} (STDOUT, APP/PROC/WEB)#
#2026 06 25 05:08:53.666#Z#DEBUG#d13b5946-7053-11f1-b94b-eeee0a95ec30.day14_epm_assignment#flowable-async-job-executor-thread-10700#
[PollStartAppStatusExecution] c06de5f0-2912-46b3-be3c-05a3c5ff67e9 [2026-06-25T05:08:44.136831] {"written_at":"2026-06-25T05:08:44.136Z","written_ts":1782364124136000000,"csn_component":"-","correlation_id":"mqt1kvzc","type":"log","logger":"nodejs-logger","layer":"/Configuration","level":"info","container_id":"10.32.2.7","component_type":"application","component_id":"c06de5f0-2912-46b3-be3c-05a3c5ff67e9","component_name":"day14_epm_assignment","component_instance":-1,"source_instance":-1,"organization_id":"0d0973ef-c78b-4c50-83e0-fbcc69afcce8","organization_name":"796953b2trial","space_id":"e895d6b5-3f9e-41ef-a874-5a584fa002c4","space_name":"dev","context_id":"mqt1kvzc","msg":"No COOKIES environment variable"} (STDOUT, APP/PROC/WEB)#
#2026 06 25 05:08:53.666#Z#DEBUG#d13b5946-7053-11f1-b94b-eeee0a95ec30.day14_epm_assignment#flowable-async-job-executor-thread-10700#
[PollStartAppStatusExecution] c06de5f0-2912-46b3-be3c-05a3c5ff67e9 [2026-06-25T05:08:44.175320] {"written_at":"2026-06-25T05:08:44.175Z","written_ts":1782364124175000000,"csn_component":"-","correlation_id":"mqt1kvz7","type":"log","logger":"nodejs-logger","layer":"/approuter","level":"info","container_id":"10.32.2.7","component_type":"application","component_id":"c06de5f0-2912-46b3-be3c-05a3c5ff67e9","component_name":"day14_epm_assignment","component_instance":-1,"source_instance":-1,"organization_id":"0d0973ef-c78b-4c50-83e0-fbcc69afcce8","organization_name":"796953b2trial","space_id":"e895d6b5-3f9e-41ef-a874-5a584fa002c4","space_name":"dev","context_id":"mqt1kvz7","msg":"Application router is listening on port: 8080"} (STDOUT, APP/PROC/WEB)#
#2026 06 25 05:08:53.667#Z#DEBUG#d13b5946-7053-11f1-b94b-eeee0a95ec30.day14_epm_assignment#flowable-async-job-executor-thread-10700#
[PollStartAppStatusExecution] c06de5f0-2912-46b3-be3c-05a3c5ff67e9 [2026-06-25T05:08:46.030786] Container became healthy (STDOUT, CELL)#
#2026 06 25 05:08:53.667#Z#DEBUG#d13b5946-7053-11f1-b94b-eeee0a95ec30.day14_epm_assignment#flowable-async-job-executor-thread-10700#
[PollStartAppStatusExecution] c06de5f0-2912-46b3-be3c-05a3c5ff67e9 [2026-06-25T05:08:46.725776] Process became ready with guid c06de5f0-2912-46b3-be3c-05a3c5ff67e9 payload: {"instance"=>"5ef2f0e5-b71f-4179-5d9c-ad56", "index"=>0, "cell_id"=>"3697da87-6170-41a4-acb7-9186f1527dfa", "ready"=>true, "version"=>"d250fef1-1a4b-4cdf-b3ca-bc135e409bff"} (STDOUT, API)#
